0 info it worked if it ends with ok
1 verbose cli [ '/usr/bin/nodejs',
1 verbose cli   '/usr/bin/npm',
1 verbose cli   'install',
1 verbose cli   'laravel-elixir',
1 verbose cli   '--save-dev' ]
2 info using npm@3.10.10
3 info using node@v6.10.2
4 silly loadCurrentTree Starting
5 silly install loadCurrentTree
6 silly install readLocalPackageData
7 silly fetchPackageMetaData laravel-elixir@^6.0.0-15
8 silly fetchNamedPackageData laravel-elixir
9 silly mapToRegistry name laravel-elixir
10 silly mapToRegistry using default registry
11 silly mapToRegistry registry https://registry.npmjs.org/
12 silly mapToRegistry data Result {
12 silly mapToRegistry   raw: 'laravel-elixir',
12 silly mapToRegistry   scope: null,
12 silly mapToRegistry   escapedName: 'laravel-elixir',
12 silly mapToRegistry   name: 'laravel-elixir',
12 silly mapToRegistry   rawSpec: '',
12 silly mapToRegistry   spec: 'latest',
12 silly mapToRegistry   type: 'tag' }
13 silly mapToRegistry uri https://registry.npmjs.org/laravel-elixir
14 verbose request uri https://registry.npmjs.org/laravel-elixir
15 verbose request no auth needed
16 info attempt registry request try #1 at 4:25:33 PM
17 verbose request id 88c9231c204ab409
18 verbose etag W/"591aadb0-50837"
19 verbose lastModified Tue, 16 May 2017 07:43:44 GMT
20 http request GET https://registry.npmjs.org/laravel-elixir
21 http 304 https://registry.npmjs.org/laravel-elixir
22 verbose headers { date: 'Tue, 27 Jun 2017 16:25:34 GMT',
22 verbose headers   via: '1.1 varnish',
22 verbose headers   'cache-control': 'max-age=300',
22 verbose headers   etag: 'W/"591aadb0-50837"',
22 verbose headers   age: '236',
22 verbose headers   connection: 'keep-alive',
22 verbose headers   'x-served-by': 'cache-atl6245-ATL',
22 verbose headers   'x-cache': 'HIT',
22 verbose headers   'x-cache-hits': '1',
22 verbose headers   'x-timer': 'S1498580734.178220,VS0,VE0',
22 verbose headers   vary: 'Accept-Encoding' }
23 silly get cb [ 304,
23 silly get   { date: 'Tue, 27 Jun 2017 16:25:34 GMT',
23 silly get     via: '1.1 varnish',
23 silly get     'cache-control': 'max-age=300',
23 silly get     etag: 'W/"591aadb0-50837"',
23 silly get     age: '236',
23 silly get     connection: 'keep-alive',
23 silly get     'x-served-by': 'cache-atl6245-ATL',
23 silly get     'x-cache': 'HIT',
23 silly get     'x-cache-hits': '1',
23 silly get     'x-timer': 'S1498580734.178220,VS0,VE0',
23 silly get     vary: 'Accept-Encoding' } ]
24 verbose etag https://registry.npmjs.org/laravel-elixir from cache
25 verbose get saving laravel-elixir to /home/vagrant/.npm/registry.npmjs.org/laravel-elixir/.cache.json
26 verbose correctMkdir /home/vagrant/.npm correctMkdir not in flight; initializing
27 silly install normalizeTree
28 silly loadCurrentTree Finishing
29 silly loadIdealTree Starting
30 silly install loadIdealTree
31 silly cloneCurrentTree Starting
32 silly install cloneCurrentTreeToIdealTree
33 silly cloneCurrentTree Finishing
34 silly loadShrinkwrap Starting
35 silly install loadShrinkwrap
36 silly loadShrinkwrap Finishing
37 silly loadAllDepsIntoIdealTree Starting
38 silly install loadAllDepsIntoIdealTree
39 silly resolveWithNewModule laravel-elixir@6.0.0-15 checking installable status
40 silly cache add args [ 'laravel-elixir@^6.0.0-15', null ]
41 verbose cache add spec laravel-elixir@^6.0.0-15
42 silly cache add parsed spec Result {
42 silly cache add   raw: 'laravel-elixir@^6.0.0-15',
42 silly cache add   scope: null,
42 silly cache add   escapedName: 'laravel-elixir',
42 silly cache add   name: 'laravel-elixir',
42 silly cache add   rawSpec: '^6.0.0-15',
42 silly cache add   spec: '>=6.0.0-15 <7.0.0',
42 silly cache add   type: 'range' }
43 silly addNamed laravel-elixir@>=6.0.0-15 <7.0.0
44 verbose addNamed ">=6.0.0-15 <7.0.0" is a valid semver range for laravel-elixir
45 silly addNameRange { name: 'laravel-elixir',
45 silly addNameRange   range: '>=6.0.0-15 <7.0.0',
45 silly addNameRange   hasData: false }
46 silly mapToRegistry name laravel-elixir
47 silly mapToRegistry using default registry
48 silly mapToRegistry registry https://registry.npmjs.org/
49 silly mapToRegistry data Result {
49 silly mapToRegistry   raw: 'laravel-elixir',
49 silly mapToRegistry   scope: null,
49 silly mapToRegistry   escapedName: 'laravel-elixir',
49 silly mapToRegistry   name: 'laravel-elixir',
49 silly mapToRegistry   rawSpec: '',
49 silly mapToRegistry   spec: 'latest',
49 silly mapToRegistry   type: 'tag' }
50 silly mapToRegistry uri https://registry.npmjs.org/laravel-elixir
51 verbose addNameRange registry:https://registry.npmjs.org/laravel-elixir not in flight; fetching
52 verbose get https://registry.npmjs.org/laravel-elixir not expired, no request
53 silly addNameRange number 2 { name: 'laravel-elixir',
53 silly addNameRange   range: '>=6.0.0-15 <7.0.0',
53 silly addNameRange   hasData: true }
54 silly addNameRange versions [ 'laravel-elixir',
54 silly addNameRange   [ '0.1.0',
54 silly addNameRange     '0.1.1',
54 silly addNameRange     '0.1.2',
54 silly addNameRange     '0.1.3',
54 silly addNameRange     '0.1.4',
54 silly addNameRange     '0.1.5',
54 silly addNameRange     '0.1.6',
54 silly addNameRange     '0.1.7',
54 silly addNameRange     '0.1.8',
54 silly addNameRange     '0.1.9',
54 silly addNameRange     '0.2.0',
54 silly addNameRange     '0.2.1',
54 silly addNameRange     '0.2.2',
54 silly addNameRange     '0.3.0',
54 silly addNameRange     '0.3.1',
54 silly addNameRange     '0.3.2',
54 silly addNameRange     '0.3.3',
54 silly addNameRange     '0.3.4',
54 silly addNameRange     '0.3.5',
54 silly addNameRange     '0.3.7',
54 silly addNameRange     '0.3.8',
54 silly addNameRange     '0.3.9',
54 silly addNameRange     '0.3.10',
54 silly addNameRange     '0.3.11',
54 silly addNameRange     '0.4.0',
54 silly addNameRange     '0.4.1',
54 silly addNameRange     '0.4.3',
54 silly addNameRange     '0.4.4',
54 silly addNameRange     '0.4.5',
54 silly addNameRange     '0.4.6',
54 silly addNameRange     '0.4.7',
54 silly addNameRange     '0.4.8',
54 silly addNameRange     '0.4.9',
54 silly addNameRange     '0.4.10',
54 silly addNameRange     '0.4.11',
54 silly addNameRange     '0.4.12',
54 silly addNameRange     '0.4.13',
54 silly addNameRange     '0.4.14',
54 silly addNameRange     '0.4.15',
54 silly addNameRange     '0.4.16',
54 silly addNameRange     '0.4.17',
54 silly addNameRange     '0.5.0',
54 silly addNameRange     '0.5.1',
54 silly addNameRange     '0.5.2',
54 silly addNameRange     '0.5.3',
54 silly addNameRange     '0.5.4',
54 silly addNameRange     '0.5.5',
54 silly addNameRange     '0.5.6',
54 silly addNameRange     '0.5.7',
54 silly addNameRange     '0.5.8',
54 silly addNameRange     '0.6.0',
54 silly addNameRange     '0.6.1',
54 silly addNameRange     '0.6.2',
54 silly addNameRange     '0.6.3',
54 silly addNameRange     '0.6.4',
54 silly addNameRange     '0.6.5',
54 silly addNameRange     '0.6.6',
54 silly addNameRange     '0.7.0',
54 silly addNameRange     '0.6.7',
54 silly addNameRange     '0.6.8',
54 silly addNameRange     '0.7.1',
54 silly addNameRange     '0.7.3',
54 silly addNameRange     '0.7.4',
54 silly addNameRange     '0.7.5',
54 silly addNameRange     '0.7.6',
54 silly addNameRange     '0.7.7',
54 silly addNameRange     '0.7.8',
54 silly addNameRange     '0.7.9',
54 silly addNameRange     '0.7.10',
54 silly addNameRange     '0.7.11',
54 silly addNameRange     '0.8.0',
54 silly addNameRange     '0.8.1',
54 silly addNameRange     '0.9.1',
54 silly addNameRange     '0.10.0',
54 silly addNameRange     '0.10.1',
54 silly addNameRange     '0.10.2',
54 silly addNameRange     '0.10.3',
54 silly addNameRange     '0.10.4',
54 silly addNameRange     '0.10.5',
54 silly addNameRange     '0.10.6',
54 silly addNameRange     '0.10.7',
54 silly addNameRange     '0.11.0',
54 silly addNameRange     '0.12.0',
54 silly addNameRange     '0.12.2',
54 silly addNameRange     '0.12.3',
54 silly addNameRange     '0.13.0',
54 silly addNameRange     '0.13.1',
54 silly addNameRange     '0.13.2',
54 silly addNameRange     '0.13.3',
54 silly addNameRange     '0.14.0',
54 silly addNameRange     '0.14.2',
54 silly addNameRange     '0.14.3',
54 silly addNameRange     '0.14.4',
54 silly addNameRange     '0.15.0',
54 silly addNameRange     '0.15.1',
54 silly addNameRange     '0.15.2',
54 silly addNameRange     '0.15.3',
54 silly addNameRange     '0.15.4',
54 silly addNameRange     '0.15.5',
54 silly addNameRange     '0.16.0',
54 silly addNameRange     ... 92 more items ] ]
55 silly addNamed laravel-elixir@6.0.0-15
56 verbose addNamed "6.0.0-15" is a plain semver version for laravel-elixir
57 silly cache afterAdd laravel-elixir@6.0.0-15
58 verbose afterAdd /home/vagrant/.npm/laravel-elixir/6.0.0-15/package/package.json not in flight; writing
59 verbose correctMkdir /home/vagrant/.npm correctMkdir not in flight; initializing
60 verbose afterAdd /home/vagrant/.npm/laravel-elixir/6.0.0-15/package/package.json written
61 silly fetchNamedPackageData gulp-sourcemaps
62 silly mapToRegistry name gulp-sourcemaps
63 silly mapToRegistry using default registry
64 silly mapToRegistry registry https://registry.npmjs.org/
65 silly mapToRegistry data Result {
65 silly mapToRegistry   raw: 'gulp-sourcemaps',
65 silly mapToRegistry   scope: null,
65 silly mapToRegistry   escapedName: 'gulp-sourcemaps',
65 silly mapToRegistry   name: 'gulp-sourcemaps',
65 silly mapToRegistry   rawSpec: '',
65 silly mapToRegistry   spec: 'latest',
65 silly mapToRegistry   type: 'tag' }
66 silly mapToRegistry uri https://registry.npmjs.org/gulp-sourcemaps
67 verbose request uri https://registry.npmjs.org/gulp-sourcemaps
68 verbose request no auth needed
69 info attempt registry request try #1 at 4:25:34 PM
70 verbose etag W/"595249ed-1df3c"
71 verbose lastModified Tue, 27 Jun 2017 12:05:01 GMT
72 http request GET https://registry.npmjs.org/gulp-sourcemaps
73 http 304 https://registry.npmjs.org/gulp-sourcemaps
74 verbose headers { date: 'Tue, 27 Jun 2017 16:25:34 GMT',
74 verbose headers   via: '1.1 varnish',
74 verbose headers   'cache-control': 'max-age=300',
74 verbose headers   etag: 'W/"595249ed-1df3c"',
74 verbose headers   age: '186',
74 verbose headers   connection: 'keep-alive',
74 verbose headers   'x-served-by': 'cache-atl6245-ATL',
74 verbose headers   'x-cache': 'HIT',
74 verbose headers   'x-cache-hits': '1',
74 verbose headers   'x-timer': 'S1498580735.983940,VS0,VE1',
74 verbose headers   vary: 'Accept-Encoding' }
75 silly get cb [ 304,
75 silly get   { date: 'Tue, 27 Jun 2017 16:25:34 GMT',
75 silly get     via: '1.1 varnish',
75 silly get     'cache-control': 'max-age=300',
75 silly get     etag: 'W/"595249ed-1df3c"',
75 silly get     age: '186',
75 silly get     connection: 'keep-alive',
75 silly get     'x-served-by': 'cache-atl6245-ATL',
75 silly get     'x-cache': 'HIT',
75 silly get     'x-cache-hits': '1',
75 silly get     'x-timer': 'S1498580735.983940,VS0,VE1',
75 silly get     vary: 'Accept-Encoding' } ]
76 verbose etag https://registry.npmjs.org/gulp-sourcemaps from cache
77 verbose get saving gulp-sourcemaps to /home/vagrant/.npm/registry.npmjs.org/gulp-sourcemaps/.cache.json
78 verbose correctMkdir /home/vagrant/.npm correctMkdir not in flight; initializing
79 silly resolveWithNewModule gulp-sourcemaps@1.12.0 checking installable status
80 silly cache add args [ 'gulp-sourcemaps@^1.6.0', null ]
81 verbose cache add spec gulp-sourcemaps@^1.6.0
82 silly cache add parsed spec Result {
82 silly cache add   raw: 'gulp-sourcemaps@^1.6.0',
82 silly cache add   scope: null,
82 silly cache add   escapedName: 'gulp-sourcemaps',
82 silly cache add   name: 'gulp-sourcemaps',
82 silly cache add   rawSpec: '^1.6.0',
82 silly cache add   spec: '>=1.6.0 <2.0.0',
82 silly cache add   type: 'range' }
83 silly addNamed gulp-sourcemaps@>=1.6.0 <2.0.0
84 verbose addNamed ">=1.6.0 <2.0.0" is a valid semver range for gulp-sourcemaps
85 silly addNameRange { name: 'gulp-sourcemaps',
85 silly addNameRange   range: '>=1.6.0 <2.0.0',
85 silly addNameRange   hasData: false }
86 silly mapToRegistry name gulp-sourcemaps
87 silly mapToRegistry using default registry
88 silly mapToRegistry registry https://registry.npmjs.org/
89 silly mapToRegistry data Result {
89 silly mapToRegistry   raw: 'gulp-sourcemaps',
89 silly mapToRegistry   scope: null,
89 silly mapToRegistry   escapedName: 'gulp-sourcemaps',
89 silly mapToRegistry   name: 'gulp-sourcemaps',
89 silly mapToRegistry   rawSpec: '',
89 silly mapToRegistry   spec: 'latest',
89 silly mapToRegistry   type: 'tag' }
90 silly mapToRegistry uri https://registry.npmjs.org/gulp-sourcemaps
91 verbose addNameRange registry:https://registry.npmjs.org/gulp-sourcemaps not in flight; fetching
92 verbose get https://registry.npmjs.org/gulp-sourcemaps not expired, no request
93 silly addNameRange number 2 { name: 'gulp-sourcemaps',
93 silly addNameRange   range: '>=1.6.0 <2.0.0',
93 silly addNameRange   hasData: true }
94 silly addNameRange versions [ 'gulp-sourcemaps',
94 silly addNameRange   [ '0.2.0',
94 silly addNameRange     '0.2.1',
94 silly addNameRange     '0.3.0',
94 silly addNameRange     '0.3.1',
94 silly addNameRange     '0.4.0',
94 silly addNameRange     '0.4.1',
94 silly addNameRange     '0.4.2',
94 silly addNameRange     '0.4.3',
94 silly addNameRange     '0.4.4',
94 silly addNameRange     '0.4.5',
94 silly addNameRange     '0.4.6',
94 silly addNameRange     '1.0.0',
94 silly addNameRange     '1.1.0',
94 silly addNameRange     '1.1.1',
94 silly addNameRange     '1.1.2',
94 silly addNameRange     '1.1.3',
94 silly addNameRange     '1.1.4',
94 silly addNameRange     '1.1.5',
94 silly addNameRange     '1.2.0',
94 silly addNameRange     '1.2.1',
94 silly addNameRange     '1.2.2',
94 silly addNameRange     '1.2.3',
94 silly addNameRange     '1.2.4',
94 silly addNameRange     '1.2.5',
94 silly addNameRange     '1.2.6',
94 silly addNameRange     '1.2.7',
94 silly addNameRange     '1.2.8',
94 silly addNameRange     '1.3.0',
94 silly addNameRange     '1.4.0',
94 silly addNameRange     '1.5.0',
94 silly addNameRange     '1.5.1',
94 silly addNameRange     '1.5.2',
94 silly addNameRange     '1.6.0',
94 silly addNameRange     '2.0.0-alpha',
94 silly addNameRange     '1.7.1',
94 silly addNameRange     '2.0.0',
94 silly addNameRange     '2.0.1',
94 silly addNameRange     '1.7.3',
94 silly addNameRange     '1.8.1',
94 silly addNameRange     '2.1.1',
94 silly addNameRange     '1.9.0',
94 silly addNameRange     '2.2.0',
94 silly addNameRange     '1.9.2',
94 silly addNameRange     '2.2.2',
94 silly addNameRange     '1.9.3',
94 silly addNameRange     '2.2.3',
94 silly addNameRange     '1.10.0',
94 silly addNameRange     '2.3.0',
94 silly addNameRange     '1.9.1',
94 silly addNameRange     '2.2.1',
94 silly addNameRange     '1.10.1',
94 silly addNameRange     '2.3.1',
94 silly addNameRange     '1.11.0',
94 silly addNameRange     '2.4.0',
94 silly addNameRange     '1.11.1',
94 silly addNameRange     '2.4.1',
94 silly addNameRange     '1.12.0',
94 silly addNameRange     '2.5.0',
94 silly addNameRange     '2.5.1',
94 silly addNameRange     '2.5.2',
94 silly addNameRange     '2.6.0' ] ]
95 silly addNamed gulp-sourcemaps@1.12.0
96 verbose addNamed "1.12.0" is a plain semver version for gulp-sourcemaps
97 silly cache afterAdd gulp-sourcemaps@1.12.0
98 verbose afterAdd /home/vagrant/.npm/gulp-sourcemaps/1.12.0/package/package.json not in flight; writing
99 verbose correctMkdir /home/vagrant/.npm correctMkdir not in flight; initializing
100 verbose afterAdd /home/vagrant/.npm/gulp-sourcemaps/1.12.0/package/package.json written
101 silly fetchNamedPackageData acorn
102 silly mapToRegistry name acorn
103 silly mapToRegistry using default registry
104 silly mapToRegistry registry https://registry.npmjs.org/
105 silly mapToRegistry data Result {
105 silly mapToRegistry   raw: 'acorn',
105 silly mapToRegistry   scope: null,
105 silly mapToRegistry   escapedName: 'acorn',
105 silly mapToRegistry   name: 'acorn',
105 silly mapToRegistry   rawSpec: '',
105 silly mapToRegistry   spec: 'latest',
105 silly mapToRegistry   type: 'tag' }
106 silly mapToRegistry uri https://registry.npmjs.org/acorn
107 silly fetchNamedPackageData vinyl
108 silly mapToRegistry name vinyl
109 silly mapToRegistry using default registry
110 silly mapToRegistry registry https://registry.npmjs.org/
111 silly mapToRegistry data Result {
111 silly mapToRegistry   raw: 'vinyl',
111 silly mapToRegistry   scope: null,
111 silly mapToRegistry   escapedName: 'vinyl',
111 silly mapToRegistry   name: 'vinyl',
111 silly mapToRegistry   rawSpec: '',
111 silly mapToRegistry   spec: 'latest',
111 silly mapToRegistry   type: 'tag' }
112 silly mapToRegistry uri https://registry.npmjs.org/vinyl
113 verbose request uri https://registry.npmjs.org/acorn
114 verbose request no auth needed
115 info attempt registry request try #1 at 4:25:35 PM
116 verbose etag W/"594b1f83-23aa4"
117 verbose lastModified Thu, 22 Jun 2017 01:38:11 GMT
118 http request GET https://registry.npmjs.org/acorn
119 verbose request uri https://registry.npmjs.org/vinyl
120 verbose request no auth needed
121 info attempt registry request try #1 at 4:25:35 PM
122 verbose etag W/"594c869f-cfeb"
123 verbose lastModified Fri, 23 Jun 2017 03:10:23 GMT
124 http request GET https://registry.npmjs.org/vinyl
125 http 304 https://registry.npmjs.org/acorn
126 verbose headers { date: 'Tue, 27 Jun 2017 16:25:35 GMT',
126 verbose headers   via: '1.1 varnish',
126 verbose headers   'cache-control': 'max-age=300',
126 verbose headers   etag: 'W/"594b1f83-23aa4"',
126 verbose headers   age: '17',
126 verbose headers   connection: 'keep-alive',
126 verbose headers   'x-served-by': 'cache-atl6245-ATL',
126 verbose headers   'x-cache': 'HIT',
126 verbose headers   'x-cache-hits': '1',
126 verbose headers   'x-timer': 'S1498580736.565652,VS0,VE1',
126 verbose headers   vary: 'Accept-Encoding' }
127 silly get cb [ 304,
127 silly get   { date: 'Tue, 27 Jun 2017 16:25:35 GMT',
127 silly get     via: '1.1 varnish',
127 silly get     'cache-control': 'max-age=300',
127 silly get     etag: 'W/"594b1f83-23aa4"',
127 silly get     age: '17',
127 silly get     connection: 'keep-alive',
127 silly get     'x-served-by': 'cache-atl6245-ATL',
127 silly get     'x-cache': 'HIT',
127 silly get     'x-cache-hits': '1',
127 silly get     'x-timer': 'S1498580736.565652,VS0,VE1',
127 silly get     vary: 'Accept-Encoding' } ]
128 verbose etag https://registry.npmjs.org/acorn from cache
129 verbose get saving acorn to /home/vagrant/.npm/registry.npmjs.org/acorn/.cache.json
130 verbose correctMkdir /home/vagrant/.npm correctMkdir not in flight; initializing
131 silly resolveWithNewModule acorn@4.0.13 checking installable status
132 silly cache add args [ 'acorn@4.X', null ]
133 verbose cache add spec acorn@4.X
134 silly cache add parsed spec Result {
134 silly cache add   raw: 'acorn@4.X',
134 silly cache add   scope: null,
134 silly cache add   escapedName: 'acorn',
134 silly cache add   name: 'acorn',
134 silly cache add   rawSpec: '4.X',
134 silly cache add   spec: '>=4.0.0 <5.0.0',
134 silly cache add   type: 'range' }
135 silly addNamed acorn@>=4.0.0 <5.0.0
136 verbose addNamed ">=4.0.0 <5.0.0" is a valid semver range for acorn
137 silly addNameRange { name: 'acorn', range: '>=4.0.0 <5.0.0', hasData: false }
138 silly mapToRegistry name acorn
139 silly mapToRegistry using default registry
140 silly mapToRegistry registry https://registry.npmjs.org/
141 silly mapToRegistry data Result {
141 silly mapToRegistry   raw: 'acorn',
141 silly mapToRegistry   scope: null,
141 silly mapToRegistry   escapedName: 'acorn',
141 silly mapToRegistry   name: 'acorn',
141 silly mapToRegistry   rawSpec: '',
141 silly mapToRegistry   spec: 'latest',
141 silly mapToRegistry   type: 'tag' }
142 silly mapToRegistry uri https://registry.npmjs.org/acorn
143 verbose addNameRange registry:https://registry.npmjs.org/acorn not in flight; fetching
144 verbose get https://registry.npmjs.org/acorn not expired, no request
145 silly addNameRange number 2 { name: 'acorn', range: '>=4.0.0 <5.0.0', hasData: true }
146 silly addNameRange versions [ 'acorn',
146 silly addNameRange   [ '0.0.1',
146 silly addNameRange     '0.1.0',
146 silly addNameRange     '0.2.0',
146 silly addNameRange     '0.3.0',
146 silly addNameRange     '0.3.1',
146 silly addNameRange     '0.4.0',
146 silly addNameRange     '0.4.2',
146 silly addNameRange     '0.5.0',
146 silly addNameRange     '0.6.0',
146 silly addNameRange     '0.7.0',
146 silly addNameRange     '0.8.0',
146 silly addNameRange     '0.9.0',
146 silly addNameRange     '0.10.0',
146 silly addNameRange     '0.11.0',
146 silly addNameRange     '0.12.0',
146 silly addNameRange     '1.0.0',
146 silly addNameRange     '1.0.1',
146 silly addNameRange     '1.0.3',
146 silly addNameRange     '1.1.0',
146 silly addNameRange     '1.2.0',
146 silly addNameRange     '2.0.0',
146 silly addNameRange     '1.2.1',
146 silly addNameRange     '2.0.1',
146 silly addNameRange     '1.2.2',
146 silly addNameRange     '2.0.4',
146 silly addNameRange     '2.1.0',
146 silly addNameRange     '2.2.0',
146 silly addNameRange     '2.3.0',
146 silly addNameRange     '2.4.0',
146 silly addNameRange     '2.5.0',
146 silly addNameRange     '2.5.2',
146 silly addNameRange     '2.6.0',
146 silly addNameRange     '2.6.2',
146 silly addNameRange     '2.6.4',
146 silly addNameRange     '2.7.0',
146 silly addNameRange     '3.0.0',
146 silly addNameRange     '3.0.2',
146 silly addNameRange     '3.0.4',
146 silly addNameRange     '3.1.0',
146 silly addNameRange     '3.2.0',
146 silly addNameRange     '3.3.0',
146 silly addNameRange     '4.0.0',
146 silly addNameRange     '4.0.1',
146 silly addNameRange     '4.0.2',
146 silly addNameRange     '4.0.3',
146 silly addNameRange     '4.0.4',
146 silly addNameRange     '4.0.5',
146 silly addNameRange     '4.0.6',
146 silly addNameRange     '4.0.7',
146 silly addNameRange     '4.0.8',
146 silly addNameRange     '4.0.9',
146 silly addNameRange     '4.0.10',
146 silly addNameRange     '4.0.11',
146 silly addNameRange     '5.0.0',
146 silly addNameRange     '5.0.1',
146 silly addNameRange     '5.0.2',
146 silly addNameRange     '5.0.3',
146 silly addNameRange     '4.0.13' ] ]
147 silly addNamed acorn@4.0.13
148 verbose addNamed "4.0.13" is a plain semver version for acorn
149 silly cache afterAdd acorn@4.0.13
150 verbose afterAdd /home/vagrant/.npm/acorn/4.0.13/package/package.json not in flight; writing
151 verbose correctMkdir /home/vagrant/.npm correctMkdir not in flight; initializing
152 verbose afterAdd /home/vagrant/.npm/acorn/4.0.13/package/package.json written
153 http 304 https://registry.npmjs.org/vinyl
154 verbose headers { date: 'Tue, 27 Jun 2017 16:25:35 GMT',
154 verbose headers   via: '1.1 varnish',
154 verbose headers   'cache-control': 'max-age=300',
154 verbose headers   etag: 'W/"594c869f-cfeb"',
154 verbose headers   age: '178',
154 verbose headers   connection: 'keep-alive',
154 verbose headers   'x-served-by': 'cache-atl6229-ATL',
154 verbose headers   'x-cache': 'HIT',
154 verbose headers   'x-cache-hits': '6',
154 verbose headers   'x-timer': 'S1498580736.716023,VS0,VE0',
154 verbose headers   vary: 'Accept-Encoding' }
155 silly get cb [ 304,
155 silly get   { date: 'Tue, 27 Jun 2017 16:25:35 GMT',
155 silly get     via: '1.1 varnish',
155 silly get     'cache-control': 'max-age=300',
155 silly get     etag: 'W/"594c869f-cfeb"',
155 silly get     age: '178',
155 silly get     connection: 'keep-alive',
155 silly get     'x-served-by': 'cache-atl6229-ATL',
155 silly get     'x-cache': 'HIT',
155 silly get     'x-cache-hits': '6',
155 silly get     'x-timer': 'S1498580736.716023,VS0,VE0',
155 silly get     vary: 'Accept-Encoding' } ]
156 verbose etag https://registry.npmjs.org/vinyl from cache
157 verbose get saving vinyl to /home/vagrant/.npm/registry.npmjs.org/vinyl/.cache.json
158 verbose correctMkdir /home/vagrant/.npm correctMkdir not in flight; initializing
159 silly resolveWithNewModule vinyl@1.2.0 checking installable status
160 silly cache add args [ 'vinyl@1.X', null ]
161 verbose cache add spec vinyl@1.X
162 silly cache add parsed spec Result {
162 silly cache add   raw: 'vinyl@1.X',
162 silly cache add   scope: null,
162 silly cache add   escapedName: 'vinyl',
162 silly cache add   name: 'vinyl',
162 silly cache add   rawSpec: '1.X',
162 silly cache add   spec: '>=1.0.0 <2.0.0',
162 silly cache add   type: 'range' }
163 silly addNamed vinyl@>=1.0.0 <2.0.0
164 verbose addNamed ">=1.0.0 <2.0.0" is a valid semver range for vinyl
165 silly addNameRange { name: 'vinyl', range: '>=1.0.0 <2.0.0', hasData: false }
166 silly mapToRegistry name vinyl
167 silly mapToRegistry using default registry
168 silly mapToRegistry registry https://registry.npmjs.org/
169 silly mapToRegistry data Result {
169 silly mapToRegistry   raw: 'vinyl',
169 silly mapToRegistry   scope: null,
169 silly mapToRegistry   escapedName: 'vinyl',
169 silly mapToRegistry   name: 'vinyl',
169 silly mapToRegistry   rawSpec: '',
169 silly mapToRegistry   spec: 'latest',
169 silly mapToRegistry   type: 'tag' }
170 silly mapToRegistry uri https://registry.npmjs.org/vinyl
171 verbose addNameRange registry:https://registry.npmjs.org/vinyl not in flight; fetching
172 verbose get https://registry.npmjs.org/vinyl not expired, no request
173 silly addNameRange number 2 { name: 'vinyl', range: '>=1.0.0 <2.0.0', hasData: true }
174 silly addNameRange versions [ 'vinyl',
174 silly addNameRange   [ '0.1.0',
174 silly addNameRange     '0.2.0',
174 silly addNameRange     '0.2.1',
174 silly addNameRange     '0.2.2',
174 silly addNameRange     '0.2.3',
174 silly addNameRange     '0.3.0',
174 silly addNameRange     '0.3.1',
174 silly addNameRange     '0.3.2',
174 silly addNameRange     '0.3.3',
174 silly addNameRange     '0.4.0',
174 silly addNameRange     '0.4.1',
174 silly addNameRange     '0.4.2',
174 silly addNameRange     '0.4.3',
174 silly addNameRange     '0.4.4',
174 silly addNameRange     '0.4.5',
174 silly addNameRange     '0.4.6',
174 silly addNameRange     '0.5.0',
174 silly addNameRange     '0.5.1',
174 silly addNameRange     '0.5.3',
174 silly addNameRange     '1.0.0',
174 silly addNameRange     '1.1.0',
174 silly addNameRange     '1.1.1',
174 silly addNameRange     '1.2.0',
174 silly addNameRange     '2.0.0',
174 silly addNameRange     '2.0.1',
174 silly addNameRange     '2.0.2' ] ]
175 silly addNamed vinyl@1.2.0
176 verbose addNamed "1.2.0" is a plain semver version for vinyl
177 silly cache afterAdd vinyl@1.2.0
178 verbose afterAdd /home/vagrant/.npm/vinyl/1.2.0/package/package.json not in flight; writing
179 verbose correctMkdir /home/vagrant/.npm correctMkdir not in flight; initializing
180 verbose afterAdd /home/vagrant/.npm/vinyl/1.2.0/package/package.json written
181 silly loadAllDepsIntoIdealTree Finishing
182 silly loadIdealTree Finishing
183 silly currentTree lumitax
183 silly currentTree ├── @gulp-sourcemaps/map-sources@1.0.0
183 silly currentTree ├── abbrev@1.1.0
183 silly currentTree ├── accord@0.27.3
183 silly currentTree ├── ajv@4.11.8
183 silly currentTree ├── align-text@0.1.4
183 silly currentTree ├── amdefine@1.0.1
183 silly currentTree ├── ansi-regex@2.1.1
183 silly currentTree ├── ansi-styles@2.2.1
183 silly currentTree ├── ansicolors@0.2.1
183 silly currentTree ├── aproba@1.1.2
183 silly currentTree ├─┬ are-we-there-yet@1.1.4
183 silly currentTree │ ├── isarray@1.0.0
183 silly currentTree │ ├── readable-stream@2.3.2
183 silly currentTree │ └── string_decoder@1.0.3
183 silly currentTree ├── arr-diff@2.0.0
183 silly currentTree ├── arr-flatten@1.0.3
183 silly currentTree ├── array-differ@1.0.0
183 silly currentTree ├── array-find-index@1.0.2
183 silly currentTree ├── array-union@1.0.2
183 silly currentTree ├── array-uniq@1.0.3
183 silly currentTree ├── array-unique@0.2.1
183 silly currentTree ├── arrify@1.0.1
183 silly currentTree ├── asap@2.0.5
183 silly currentTree ├── asn1@0.2.3
183 silly currentTree ├── assert-plus@0.2.0
183 silly currentTree ├── async-done@1.2.2
183 silly currentTree ├── async-foreach@0.1.3
183 silly currentTree ├── async@1.5.2
183 silly currentTree ├── asynckit@0.4.0
183 silly currentTree ├── atob@1.1.3
183 silly currentTree ├── autoprefixer@6.7.7
183 silly currentTree ├── aws-sign2@0.6.0
183 silly currentTree ├── aws4@1.6.0
183 silly currentTree ├── balanced-match@1.0.0
183 silly currentTree ├── bcrypt-pbkdf@1.0.1
183 silly currentTree ├── beeper@1.1.1
183 silly currentTree ├─┬ bl@1.2.1
183 silly currentTree │ ├── isarray@1.0.0
183 silly currentTree │ ├── readable-stream@2.3.2
183 silly currentTree │ └── string_decoder@1.0.3
183 silly currentTree ├── block-stream@0.0.9
183 silly currentTree ├── boom@2.10.1
183 silly currentTree ├── brace-expansion@1.1.8
183 silly currentTree ├── braces@1.8.5
183 silly currentTree ├── browserslist@1.7.7
183 silly currentTree ├── buffer-shims@1.0.0
183 silly currentTree ├── builtin-modules@1.1.1
183 silly currentTree ├─┬ camelcase-keys@2.1.0
183 silly currentTree │ └── camelcase@2.1.1
183 silly currentTree ├── camelcase@1.2.1
183 silly currentTree ├── caniuse-db@1.0.30000696
183 silly currentTree ├── cardinal@1.0.0
183 silly currentTree ├── caseless@0.12.0
183 silly currentTree ├── center-align@0.1.3
183 silly currentTree ├─┬ chalk@1.1.3
183 silly currentTree │ └── supports-color@2.0.0
183 silly currentTree ├── clean-css@3.4.27
183 silly currentTree ├── cli-table@0.3.1
183 silly currentTree ├── cli-usage@0.1.4
183 silly currentTree ├── cliui@2.1.0
183 silly currentTree ├── clone-buffer@1.0.0
183 silly currentTree ├── clone-stats@0.0.1
183 silly currentTree ├── clone@1.0.2
183 silly currentTree ├── cloneable-readable@1.0.0
183 silly currentTree ├── co@4.6.0
183 silly currentTree ├── code-point-at@1.1.0
183 silly currentTree ├── colors@1.0.3
183 silly currentTree ├── combined-stream@1.0.5
183 silly currentTree ├── commander@2.8.1
183 silly currentTree ├── concat-map@0.0.1
183 silly currentTree ├─┬ concat-with-sourcemaps@1.0.4
183 silly currentTree │ └── source-map@0.5.6
183 silly currentTree ├── console-control-strings@1.1.0
183 silly currentTree ├── convert-source-map@1.5.0
183 silly currentTree ├── core-util-is@1.0.2
183 silly currentTree ├── cross-spawn@3.0.1
183 silly currentTree ├── cryptiles@2.0.5
183 silly currentTree ├─┬ css@2.2.1
183 silly currentTree │ └── source-map@0.1.43
183 silly currentTree ├── currently-unhandled@0.4.1
183 silly currentTree ├─┬ dashdash@1.14.1
183 silly currentTree │ └── assert-plus@1.0.0
183 silly currentTree ├── dateformat@2.0.0
183 silly currentTree ├── deap@1.0.0
183 silly currentTree ├─┬ debug-fabulous@0.0.4
183 silly currentTree │ └── object-assign@4.1.0
183 silly currentTree ├── debug@2.6.8
183 silly currentTree ├── decamelize@1.2.0
183 silly currentTree ├── del@2.2.2
183 silly currentTree ├── delayed-stream@1.0.0
183 silly currentTree ├── delegates@1.0.0
183 silly currentTree ├── detect-file@0.1.0
183 silly currentTree ├── detect-newline@2.1.0
183 silly currentTree ├── duplexer2@0.0.2
183 silly currentTree ├─┬ duplexify@3.5.0
183 silly currentTree │ ├── end-of-stream@1.0.0
183 silly currentTree │ ├── isarray@1.0.0
183 silly currentTree │ ├── once@1.3.3
183 silly currentTree │ ├── readable-stream@2.3.2
183 silly currentTree │ └── string_decoder@1.0.3
183 silly currentTree ├── ecc-jsbn@0.1.1
183 silly currentTree ├── electron-to-chromium@1.3.14
183 silly currentTree ├── end-of-stream@1.4.0
183 silly currentTree ├── errno@0.1.4
183 silly currentTree ├── error-ex@1.3.1
183 silly currentTree ├── escape-string-regexp@1.0.5
183 silly currentTree ├── esprima@3.0.0
183 silly currentTree ├── expand-brackets@0.1.5
183 silly currentTree ├── expand-range@1.8.2
183 silly currentTree ├── expand-tilde@1.2.2
183 silly currentTree ├── extend@3.0.1
183 silly currentTree ├── extglob@0.3.2
183 silly currentTree ├── extsprintf@1.0.2
183 silly currentTree ├── fancy-log@1.3.0
183 silly currentTree ├── filename-regex@2.0.1
183 silly currentTree ├── fill-range@2.2.3
183 silly currentTree ├── find-up@1.1.2
183 silly currentTree ├── findup-sync@0.4.3
183 silly currentTree ├── first-chunk-stream@1.0.0
183 silly currentTree ├── for-in@1.0.2
183 silly currentTree ├── for-own@0.1.5
183 silly currentTree ├── forever-agent@0.6.1
183 silly currentTree ├── fork-stream@0.0.4
183 silly currentTree ├── form-data@2.1.4
183 silly currentTree ├── fs-exists-sync@0.1.0
183 silly currentTree ├── fs.realpath@1.0.0
183 silly currentTree ├── fstream@1.0.11
183 silly currentTree ├── gauge@2.7.4
183 silly currentTree ├── gaze@1.1.2
183 silly currentTree ├── get-caller-file@1.0.2
183 silly currentTree ├── get-stdin@4.0.1
183 silly currentTree ├─┬ getpass@0.1.7
183 silly currentTree │ └── assert-plus@1.0.0
183 silly currentTree ├── glob-base@0.3.0
183 silly currentTree ├── glob-parent@2.0.0
183 silly currentTree ├── glob@7.1.2
183 silly currentTree ├── global-modules@0.2.3
183 silly currentTree ├── global-prefix@0.1.5
183 silly currentTree ├── globby@5.0.0
183 silly currentTree ├── globule@1.2.0
183 silly currentTree ├── glogg@1.0.0
183 silly currentTree ├── graceful-fs@4.1.11
183 silly currentTree ├── graceful-readlink@1.0.1
183 silly currentTree ├── growly@1.3.0
183 silly currentTree ├── gulp-autoprefixer@3.1.1
183 silly currentTree ├── gulp-batch@1.0.5
183 silly currentTree ├─┬ gulp-concat@2.6.1
183 silly currentTree │ ├── clone-stats@1.0.0
183 silly currentTree │ ├── replace-ext@1.0.0
183 silly currentTree │ └── vinyl@2.0.2
183 silly currentTree ├── gulp-if@2.0.2
183 silly currentTree ├── gulp-less@3.3.2
183 silly currentTree ├── gulp-load-plugins@1.5.0
183 silly currentTree ├── gulp-match@1.0.3
183 silly currentTree ├─┬ gulp-notify@2.2.0
183 silly currentTree │ ├── readable-stream@1.0.34
183 silly currentTree │ └── through2@0.6.5
183 silly currentTree ├── gulp-rename@1.2.2
183 silly currentTree ├── gulp-rev-replace@0.4.3
183 silly currentTree ├── gulp-rev@7.1.2
183 silly currentTree ├─┬ gulp-sass@2.3.2
183 silly currentTree │ └── lodash.clonedeep@4.5.0
183 silly currentTree ├── gulp-shell@0.5.2
183 silly currentTree ├─┬ gulp-uglify@1.5.4
183 silly currentTree │ ├── async@0.2.10
183 silly currentTree │ ├── source-map@0.5.6
183 silly currentTree │ └── uglify-js@2.6.4
183 silly currentTree ├─┬ gulp-util@3.0.8
183 silly currentTree │ └── object-assign@3.0.0
183 silly currentTree ├── gulplog@1.0.0
183 silly currentTree ├── har-schema@1.0.5
183 silly currentTree ├── har-validator@4.2.1
183 silly currentTree ├── has-ansi@2.0.0
183 silly currentTree ├── has-flag@1.0.0
183 silly currentTree ├── has-gulplog@0.1.0
183 silly currentTree ├── has-unicode@2.0.1
183 silly currentTree ├── hawk@3.1.3
183 silly currentTree ├── hoek@2.16.3
183 silly currentTree ├── homedir-polyfill@1.0.1
183 silly currentTree ├── hosted-git-info@2.5.0
183 silly currentTree ├── http-signature@1.1.1
183 silly currentTree ├── image-size@0.5.5
183 silly currentTree ├── in-publish@2.0.0
183 silly currentTree ├── indent-string@2.1.0
183 silly currentTree ├── indx@0.2.3
183 silly currentTree ├── inflight@1.0.6
183 silly currentTree ├── inherits@2.0.3
183 silly currentTree ├── ini@1.3.4
183 silly currentTree ├── invert-kv@1.0.0
183 silly currentTree ├── is-absolute@0.2.6
183 silly currentTree ├── is-arrayish@0.2.1
183 silly currentTree ├── is-buffer@1.1.5
183 silly currentTree ├── is-builtin-module@1.0.0
183 silly currentTree ├── is-dotfile@1.0.3
183 silly currentTree ├── is-equal-shallow@0.1.3
183 silly currentTree ├── is-extendable@0.1.1
183 silly currentTree ├── is-extglob@1.0.0
183 silly currentTree ├── is-finite@1.0.2
183 silly currentTree ├── is-fullwidth-code-point@1.0.0
183 silly currentTree ├── is-glob@2.0.1
183 silly currentTree ├── is-number@2.1.0
183 silly currentTree ├── is-path-cwd@1.0.0
183 silly currentTree ├── is-path-in-cwd@1.0.0
183 silly currentTree ├── is-path-inside@1.0.0
183 silly currentTree ├── is-plain-obj@1.1.0
183 silly currentTree ├── is-posix-bracket@0.1.1
183 silly currentTree ├── is-primitive@2.0.0
183 silly currentTree ├── is-relative@0.2.1
183 silly currentTree ├── is-stream@1.1.0
183 silly currentTree ├── is-typedarray@1.0.0
183 silly currentTree ├── is-unc-path@0.1.2
183 silly currentTree ├── is-utf8@0.2.1
183 silly currentTree ├── is-windows@0.2.0
183 silly currentTree ├── is@3.2.1
183 silly currentTree ├── isarray@0.0.1
183 silly currentTree ├── isexe@2.0.0
183 silly currentTree ├─┬ isobject@2.1.0
183 silly currentTree │ └── isarray@1.0.0
183 silly currentTree ├── isstream@0.1.2
183 silly currentTree ├── js-base64@2.1.9
183 silly currentTree ├── jsbn@0.1.1
183 silly currentTree ├── json-schema@0.2.3
183 silly currentTree ├── json-stable-stringify@1.0.1
183 silly currentTree ├── json-stringify-safe@5.0.1
183 silly currentTree ├── jsonify@0.0.0
183 silly currentTree ├─┬ jsprim@1.4.0
183 silly currentTree │ └── assert-plus@1.0.0
183 silly currentTree ├── kind-of@3.2.2
183 silly currentTree ├── lazy-cache@1.0.4
183 silly currentTree ├── lazy-debug-legacy@0.0.1
183 silly currentTree ├── lcid@1.0.0
183 silly currentTree ├─┬ less@2.7.2
183 silly currentTree │ └── source-map@0.5.6
183 silly currentTree ├── load-json-file@1.1.0
183 silly currentTree ├── lodash._arraycopy@3.0.0
183 silly currentTree ├── lodash._arrayeach@3.0.0
183 silly currentTree ├── lodash._baseassign@3.2.0
183 silly currentTree ├── lodash._baseclone@3.3.0
183 silly currentTree ├── lodash._basecopy@3.0.1
183 silly currentTree ├── lodash._basefor@3.0.3
183 silly currentTree ├── lodash._basetostring@3.0.1
183 silly currentTree ├── lodash._basevalues@3.0.0
183 silly currentTree ├── lodash._bindcallback@3.0.1
183 silly currentTree ├── lodash._getnative@3.9.1
183 silly currentTree ├── lodash._isiterateecall@3.0.9
183 silly currentTree ├── lodash._reescape@3.0.0
183 silly currentTree ├── lodash._reevaluate@3.0.0
183 silly currentTree ├── lodash._reinterpolate@3.0.0
183 silly currentTree ├── lodash._root@3.0.1
183 silly currentTree ├── lodash.assign@4.2.0
183 silly currentTree ├── lodash.clone@4.5.0
183 silly currentTree ├── lodash.clonedeep@3.0.2
183 silly currentTree ├── lodash.defaults@4.2.0
183 silly currentTree ├── lodash.escape@3.2.0
183 silly currentTree ├── lodash.flatten@4.4.0
183 silly currentTree ├── lodash.isarguments@3.1.0
183 silly currentTree ├── lodash.isarray@3.0.4
183 silly currentTree ├── lodash.keys@3.1.2
183 silly currentTree ├── lodash.merge@4.6.0
183 silly currentTree ├── lodash.partialright@4.2.1
183 silly currentTree ├── lodash.pick@4.4.0
183 silly currentTree ├── lodash.restparam@3.6.1
183 silly currentTree ├── lodash.template@3.6.2
183 silly currentTree ├── lodash.templatesettings@3.1.1
183 silly currentTree ├── lodash.uniq@4.5.0
183 silly currentTree ├── lodash@4.17.4
183 silly currentTree ├── longest@1.0.1
183 silly currentTree ├── loud-rejection@1.6.0
183 silly currentTree ├── lru-cache@4.1.1
183 silly currentTree ├── map-cache@0.2.2
183 silly currentTree ├── map-obj@1.0.1
183 silly currentTree ├── marked-terminal@1.7.0
183 silly currentTree ├── marked@0.3.6
183 silly currentTree ├── meow@3.7.0
183 silly currentTree ├─┬ merge-stream@1.0.1
183 silly currentTree │ ├── isarray@1.0.0
183 silly currentTree │ ├── readable-stream@2.3.2
183 silly currentTree │ └── string_decoder@1.0.3
183 silly currentTree ├── micromatch@2.3.11
183 silly currentTree ├── mime-db@1.27.0
183 silly currentTree ├── mime-types@2.1.15
183 silly currentTree ├── mime@1.3.6
183 silly currentTree ├── minimatch@3.0.4
183 silly currentTree ├── minimist@1.2.0
183 silly currentTree ├─┬ mkdirp@0.5.1
183 silly currentTree │ └── minimist@0.0.8
183 silly currentTree ├── modify-filename@1.1.0
183 silly currentTree ├── ms@2.0.0
183 silly currentTree ├── multipipe@0.1.2
183 silly currentTree ├── nan@2.6.2
183 silly currentTree ├── new-from@0.0.3
183 silly currentTree ├── next-tick@1.0.0
183 silly currentTree ├── node-emoji@1.5.1
183 silly currentTree ├── node-gyp@3.6.2
183 silly currentTree ├── node-notifier@4.6.1
183 silly currentTree ├─┬ node-sass@3.13.1
183 silly currentTree │ └── lodash.clonedeep@4.5.0
183 silly currentTree ├── node.extend@1.1.6
183 silly currentTree ├── nopt@3.0.6
183 silly currentTree ├── normalize-package-data@2.4.0
183 silly currentTree ├── normalize-path@2.1.1
183 silly currentTree ├── normalize-range@0.1.2
183 silly currentTree ├── npmlog@4.1.2
183 silly currentTree ├── num2fraction@1.2.2
183 silly currentTree ├── number-is-nan@1.0.1
183 silly currentTree ├── oauth-sign@0.8.2
183 silly currentTree ├── object-assign@4.1.1
183 silly currentTree ├── object.omit@2.0.1
183 silly currentTree ├── once@1.4.0
183 silly currentTree ├── os-homedir@1.0.2
183 silly currentTree ├── os-locale@1.4.0
183 silly currentTree ├── os-tmpdir@1.0.2
183 silly currentTree ├── osenv@0.1.4
183 silly currentTree ├── parse-filepath@1.0.1
183 silly currentTree ├── parse-glob@3.0.4
183 silly currentTree ├── parse-json@2.2.0
183 silly currentTree ├── parse-passwd@1.0.0
183 silly currentTree ├── path-exists@2.1.0
183 silly currentTree ├── path-is-absolute@1.0.1
183 silly currentTree ├── path-is-inside@1.0.2
183 silly currentTree ├── path-parse@1.0.5
183 silly currentTree ├── path-root-regex@0.1.2
183 silly currentTree ├── path-root@0.1.1
183 silly currentTree ├── path-type@1.1.0
183 silly currentTree ├── path@0.12.7
183 silly currentTree ├── performance-now@0.2.0
183 silly currentTree ├── pify@2.3.0
183 silly currentTree ├── pinkie-promise@2.0.1
183 silly currentTree ├── pinkie@2.0.4
183 silly currentTree ├── postcss-value-parser@3.3.0
183 silly currentTree ├─┬ postcss@5.2.17
183 silly currentTree │ └── source-map@0.5.6
183 silly currentTree ├── preserve@0.2.0
183 silly currentTree ├── process-nextick-args@1.0.7
183 silly currentTree ├── process@0.11.10
183 silly currentTree ├── promise@7.3.1
183 silly currentTree ├── prr@0.0.0
183 silly currentTree ├── pseudomap@1.0.2
183 silly currentTree ├── punycode@1.4.1
183 silly currentTree ├── q@1.5.0
183 silly currentTree ├── qs@6.4.0
183 silly currentTree ├─┬ randomatic@1.1.7
183 silly currentTree │ ├─┬ is-number@3.0.0
183 silly currentTree │ │ └── kind-of@3.2.2
183 silly currentTree │ └── kind-of@4.0.0
183 silly currentTree ├── read-pkg-up@1.0.1
183 silly currentTree ├── read-pkg@1.1.0
183 silly currentTree ├── readable-stream@1.1.14
183 silly currentTree ├── redent@1.0.0
183 silly currentTree ├── redeyed@1.0.1
183 silly currentTree ├── regex-cache@0.4.3
183 silly currentTree ├── remove-trailing-separator@1.0.2
183 silly currentTree ├── repeat-element@1.1.2
183 silly currentTree ├── repeat-string@1.6.1
183 silly currentTree ├── repeating@2.0.1
183 silly currentTree ├── replace-ext@0.0.1
183 silly currentTree ├── request@2.81.0
183 silly currentTree ├── require-dir@0.3.2
183 silly currentTree ├── require-directory@2.1.1
183 silly currentTree ├── require-main-filename@1.0.1
183 silly currentTree ├── resolve-dir@0.1.1
183 silly currentTree ├── resolve-url@0.2.1
183 silly currentTree ├── resolve@1.3.3
183 silly currentTree ├── rev-hash@1.0.0
183 silly currentTree ├── rev-path@1.0.0
183 silly currentTree ├── right-align@0.1.3
183 silly currentTree ├── rimraf@2.6.1
183 silly currentTree ├── run-sequence@1.2.2
183 silly currentTree ├── safe-buffer@5.1.1
183 silly currentTree ├─┬ sass-graph@2.2.4
183 silly currentTree │ ├── camelcase@3.0.0
183 silly currentTree │ ├── cliui@3.2.0
183 silly currentTree │ └── yargs@7.1.0
183 silly currentTree ├── scss-tokenizer@0.2.3
183 silly currentTree ├── semver@5.3.0
183 silly currentTree ├── set-blocking@2.0.0
183 silly currentTree ├── shellwords@0.1.0
183 silly currentTree ├── signal-exit@3.0.2
183 silly currentTree ├── sntp@1.0.9
183 silly currentTree ├── sort-keys@1.1.2
183 silly currentTree ├── source-map-resolve@0.3.1
183 silly currentTree ├── source-map-url@0.3.0
183 silly currentTree ├── source-map@0.4.4
183 silly currentTree ├── sparkles@1.0.0
183 silly currentTree ├── spdx-correct@1.0.2
183 silly currentTree ├── spdx-expression-parse@1.0.4
183 silly currentTree ├── spdx-license-ids@1.2.2
183 silly currentTree ├─┬ sshpk@1.13.1
183 silly currentTree │ └── assert-plus@1.0.0
183 silly currentTree ├─┬ stream-array@1.1.2
183 silly currentTree │ ├── isarray@1.0.0
183 silly currentTree │ └── readable-stream@2.1.5
183 silly currentTree ├── stream-exhaust@1.0.1
183 silly currentTree ├── stream-shift@1.0.0
183 silly currentTree ├── string_decoder@0.10.31
183 silly currentTree ├── string-width@1.0.2
183 silly currentTree ├── string.prototype.codepointat@0.2.0
183 silly currentTree ├── stringstream@0.0.5
183 silly currentTree ├── strip-ansi@3.0.1
183 silly currentTree ├── strip-bom-stream@1.0.0
183 silly currentTree ├── strip-bom@2.0.0
183 silly currentTree ├── strip-indent@1.0.1
183 silly currentTree ├── supports-color@3.2.3
183 silly currentTree ├── tar@2.2.1
183 silly currentTree ├── ternary-stream@2.0.1
183 silly currentTree ├─┬ through2@2.0.3
183 silly currentTree │ ├── isarray@1.0.0
183 silly currentTree │ ├── readable-stream@2.3.2
183 silly currentTree │ └── string_decoder@1.0.3
183 silly currentTree ├── time-stamp@1.1.0
183 silly currentTree ├── tough-cookie@2.3.2
183 silly currentTree ├── trim-newlines@1.0.0
183 silly currentTree ├── tunnel-agent@0.6.0
183 silly currentTree ├── tweetnacl@0.14.5
183 silly currentTree ├─┬ uglify-js@2.8.29
183 silly currentTree │ └── source-map@0.5.6
183 silly currentTree ├── uglify-save-license@0.4.1
183 silly currentTree ├── uglify-to-browserify@1.0.2
183 silly currentTree ├── unc-path-regex@0.1.2
183 silly currentTree ├── underscore@1.8.3
183 silly currentTree ├── urix@0.1.0
183 silly currentTree ├── util-deprecate@1.0.2
183 silly currentTree ├─┬ util@0.10.3
183 silly currentTree │ └── inherits@2.0.1
183 silly currentTree ├── uuid@3.1.0
183 silly currentTree ├── validate-npm-package-license@3.0.1
183 silly currentTree ├── verror@1.3.6
183 silly currentTree ├─┬ vinyl-file@1.3.0
183 silly currentTree │ └── vinyl@1.2.0
183 silly currentTree ├── vinyl-map2@1.2.1
183 silly currentTree ├─┬ vinyl-sourcemaps-apply@0.2.1
183 silly currentTree │ └── source-map@0.5.6
183 silly currentTree ├── vinyl@0.5.3
183 silly currentTree ├── when@3.7.8
183 silly currentTree ├── which-module@1.0.0
183 silly currentTree ├── which@1.2.14
183 silly currentTree ├── wide-align@1.1.2
183 silly currentTree ├── window-size@0.1.0
183 silly currentTree ├── wordwrap@0.0.2
183 silly currentTree ├── wrap-ansi@2.1.0
183 silly currentTree ├── wrappy@1.0.2
183 silly currentTree ├── xtend@4.0.1
183 silly currentTree ├── y18n@3.2.1
183 silly currentTree ├── yallist@2.1.2
183 silly currentTree ├─┬ yargs-parser@5.0.0
183 silly currentTree │ └── camelcase@3.0.0
183 silly currentTree └── yargs@3.10.0
184 silly idealTree lumitax
184 silly idealTree ├── @gulp-sourcemaps/map-sources@1.0.0
184 silly idealTree ├── abbrev@1.1.0
184 silly idealTree ├── accord@0.27.3
184 silly idealTree ├── acorn@4.0.13
184 silly idealTree ├── ajv@4.11.8
184 silly idealTree ├── align-text@0.1.4
184 silly idealTree ├── amdefine@1.0.1
184 silly idealTree ├── ansi-regex@2.1.1
184 silly idealTree ├── ansi-styles@2.2.1
184 silly idealTree ├── ansicolors@0.2.1
184 silly idealTree ├── aproba@1.1.2
184 silly idealTree ├─┬ are-we-there-yet@1.1.4
184 silly idealTree │ ├── isarray@1.0.0
184 silly idealTree │ ├── readable-stream@2.3.2
184 silly idealTree │ └── string_decoder@1.0.3
184 silly idealTree ├── arr-diff@2.0.0
184 silly idealTree ├── arr-flatten@1.0.3
184 silly idealTree ├── array-differ@1.0.0
184 silly idealTree ├── array-find-index@1.0.2
184 silly idealTree ├── array-union@1.0.2
184 silly idealTree ├── array-uniq@1.0.3
184 silly idealTree ├── array-unique@0.2.1
184 silly idealTree ├── arrify@1.0.1
184 silly idealTree ├── asap@2.0.5
184 silly idealTree ├── asn1@0.2.3
184 silly idealTree ├── assert-plus@0.2.0
184 silly idealTree ├── async-done@1.2.2
184 silly idealTree ├── async-foreach@0.1.3
184 silly idealTree ├── async@1.5.2
184 silly idealTree ├── asynckit@0.4.0
184 silly idealTree ├── atob@1.1.3
184 silly idealTree ├── autoprefixer@6.7.7
184 silly idealTree ├── aws-sign2@0.6.0
184 silly idealTree ├── aws4@1.6.0
184 silly idealTree ├── balanced-match@1.0.0
184 silly idealTree ├── bcrypt-pbkdf@1.0.1
184 silly idealTree ├── beeper@1.1.1
184 silly idealTree ├─┬ bl@1.2.1
184 silly idealTree │ ├── isarray@1.0.0
184 silly idealTree │ ├── readable-stream@2.3.2
184 silly idealTree │ └── string_decoder@1.0.3
184 silly idealTree ├── block-stream@0.0.9
184 silly idealTree ├── boom@2.10.1
184 silly idealTree ├── brace-expansion@1.1.8
184 silly idealTree ├── braces@1.8.5
184 silly idealTree ├── browserslist@1.7.7
184 silly idealTree ├── buffer-shims@1.0.0
184 silly idealTree ├── builtin-modules@1.1.1
184 silly idealTree ├─┬ camelcase-keys@2.1.0
184 silly idealTree │ └── camelcase@2.1.1
184 silly idealTree ├── camelcase@1.2.1
184 silly idealTree ├── caniuse-db@1.0.30000696
184 silly idealTree ├── cardinal@1.0.0
184 silly idealTree ├── caseless@0.12.0
184 silly idealTree ├── center-align@0.1.3
184 silly idealTree ├─┬ chalk@1.1.3
184 silly idealTree │ └── supports-color@2.0.0
184 silly idealTree ├── clean-css@3.4.27
184 silly idealTree ├── cli-table@0.3.1
184 silly idealTree ├── cli-usage@0.1.4
184 silly idealTree ├── cliui@2.1.0
184 silly idealTree ├── clone-buffer@1.0.0
184 silly idealTree ├── clone-stats@0.0.1
184 silly idealTree ├── clone@1.0.2
184 silly idealTree ├── cloneable-readable@1.0.0
184 silly idealTree ├── co@4.6.0
184 silly idealTree ├── code-point-at@1.1.0
184 silly idealTree ├── colors@1.0.3
184 silly idealTree ├── combined-stream@1.0.5
184 silly idealTree ├── commander@2.8.1
184 silly idealTree ├── concat-map@0.0.1
184 silly idealTree ├─┬ concat-with-sourcemaps@1.0.4
184 silly idealTree │ └── source-map@0.5.6
184 silly idealTree ├── console-control-strings@1.1.0
184 silly idealTree ├── convert-source-map@1.5.0
184 silly idealTree ├── core-util-is@1.0.2
184 silly idealTree ├── cross-spawn@3.0.1
184 silly idealTree ├── cryptiles@2.0.5
184 silly idealTree ├─┬ css@2.2.1
184 silly idealTree │ └── source-map@0.1.43
184 silly idealTree ├── currently-unhandled@0.4.1
184 silly idealTree ├─┬ dashdash@1.14.1
184 silly idealTree │ └── assert-plus@1.0.0
184 silly idealTree ├── dateformat@2.0.0
184 silly idealTree ├── deap@1.0.0
184 silly idealTree ├─┬ debug-fabulous@0.0.4
184 silly idealTree │ └── object-assign@4.1.0
184 silly idealTree ├── debug@2.6.8
184 silly idealTree ├── decamelize@1.2.0
184 silly idealTree ├── del@2.2.2
184 silly idealTree ├── delayed-stream@1.0.0
184 silly idealTree ├── delegates@1.0.0
184 silly idealTree ├── detect-file@0.1.0
184 silly idealTree ├── detect-newline@2.1.0
184 silly idealTree ├── duplexer2@0.0.2
184 silly idealTree ├─┬ duplexify@3.5.0
184 silly idealTree │ ├── end-of-stream@1.0.0
184 silly idealTree │ ├── isarray@1.0.0
184 silly idealTree │ ├── once@1.3.3
184 silly idealTree │ ├── readable-stream@2.3.2
184 silly idealTree │ └── string_decoder@1.0.3
184 silly idealTree ├── ecc-jsbn@0.1.1
184 silly idealTree ├── electron-to-chromium@1.3.14
184 silly idealTree ├── end-of-stream@1.4.0
184 silly idealTree ├── errno@0.1.4
184 silly idealTree ├── error-ex@1.3.1
184 silly idealTree ├── escape-string-regexp@1.0.5
184 silly idealTree ├── esprima@3.0.0
184 silly idealTree ├── expand-brackets@0.1.5
184 silly idealTree ├── expand-range@1.8.2
184 silly idealTree ├── expand-tilde@1.2.2
184 silly idealTree ├── extend@3.0.1
184 silly idealTree ├── extglob@0.3.2
184 silly idealTree ├── extsprintf@1.0.2
184 silly idealTree ├── fancy-log@1.3.0
184 silly idealTree ├── filename-regex@2.0.1
184 silly idealTree ├── fill-range@2.2.3
184 silly idealTree ├── find-up@1.1.2
184 silly idealTree ├── findup-sync@0.4.3
184 silly idealTree ├── first-chunk-stream@1.0.0
184 silly idealTree ├── for-in@1.0.2
184 silly idealTree ├── for-own@0.1.5
184 silly idealTree ├── forever-agent@0.6.1
184 silly idealTree ├── fork-stream@0.0.4
184 silly idealTree ├── form-data@2.1.4
184 silly idealTree ├── fs-exists-sync@0.1.0
184 silly idealTree ├── fs.realpath@1.0.0
184 silly idealTree ├── fstream@1.0.11
184 silly idealTree ├── gauge@2.7.4
184 silly idealTree ├── gaze@1.1.2
184 silly idealTree ├── get-caller-file@1.0.2
184 silly idealTree ├── get-stdin@4.0.1
184 silly idealTree ├─┬ getpass@0.1.7
184 silly idealTree │ └── assert-plus@1.0.0
184 silly idealTree ├── glob-base@0.3.0
184 silly idealTree ├── glob-parent@2.0.0
184 silly idealTree ├── glob@7.1.2
184 silly idealTree ├── global-modules@0.2.3
184 silly idealTree ├── global-prefix@0.1.5
184 silly idealTree ├── globby@5.0.0
184 silly idealTree ├── globule@1.2.0
184 silly idealTree ├── glogg@1.0.0
184 silly idealTree ├── graceful-fs@4.1.11
184 silly idealTree ├── graceful-readlink@1.0.1
184 silly idealTree ├── growly@1.3.0
184 silly idealTree ├── gulp-autoprefixer@3.1.1
184 silly idealTree ├── gulp-batch@1.0.5
184 silly idealTree ├─┬ gulp-concat@2.6.1
184 silly idealTree │ ├── clone-stats@1.0.0
184 silly idealTree │ ├── replace-ext@1.0.0
184 silly idealTree │ └── vinyl@2.0.2
184 silly idealTree ├── gulp-if@2.0.2
184 silly idealTree ├── gulp-less@3.3.2
184 silly idealTree ├── gulp-load-plugins@1.5.0
184 silly idealTree ├── gulp-match@1.0.3
184 silly idealTree ├─┬ gulp-notify@2.2.0
184 silly idealTree │ ├── readable-stream@1.0.34
184 silly idealTree │ └── through2@0.6.5
184 silly idealTree ├── gulp-rename@1.2.2
184 silly idealTree ├── gulp-rev-replace@0.4.3
184 silly idealTree ├── gulp-rev@7.1.2
184 silly idealTree ├─┬ gulp-sass@2.3.2
184 silly idealTree │ └── lodash.clonedeep@4.5.0
184 silly idealTree ├── gulp-shell@0.5.2
184 silly idealTree ├─┬ gulp-sourcemaps@1.12.0
184 silly idealTree │ └── vinyl@1.2.0
184 silly idealTree ├─┬ gulp-uglify@1.5.4
184 silly idealTree │ ├── async@0.2.10
184 silly idealTree │ ├── source-map@0.5.6
184 silly idealTree │ └── uglify-js@2.6.4
184 silly idealTree ├─┬ gulp-util@3.0.8
184 silly idealTree │ └── object-assign@3.0.0
184 silly idealTree ├── gulplog@1.0.0
184 silly idealTree ├── har-schema@1.0.5
184 silly idealTree ├── har-validator@4.2.1
184 silly idealTree ├── has-ansi@2.0.0
184 silly idealTree ├── has-flag@1.0.0
184 silly idealTree ├── has-gulplog@0.1.0
184 silly idealTree ├── has-unicode@2.0.1
184 silly idealTree ├── hawk@3.1.3
184 silly idealTree ├── hoek@2.16.3
184 silly idealTree ├── homedir-polyfill@1.0.1
184 silly idealTree ├── hosted-git-info@2.5.0
184 silly idealTree ├── http-signature@1.1.1
184 silly idealTree ├── image-size@0.5.5
184 silly idealTree ├── in-publish@2.0.0
184 silly idealTree ├── indent-string@2.1.0
184 silly idealTree ├── indx@0.2.3
184 silly idealTree ├── inflight@1.0.6
184 silly idealTree ├── inherits@2.0.3
184 silly idealTree ├── ini@1.3.4
184 silly idealTree ├── invert-kv@1.0.0
184 silly idealTree ├── is-absolute@0.2.6
184 silly idealTree ├── is-arrayish@0.2.1
184 silly idealTree ├── is-buffer@1.1.5
184 silly idealTree ├── is-builtin-module@1.0.0
184 silly idealTree ├── is-dotfile@1.0.3
184 silly idealTree ├── is-equal-shallow@0.1.3
184 silly idealTree ├── is-extendable@0.1.1
184 silly idealTree ├── is-extglob@1.0.0
184 silly idealTree ├── is-finite@1.0.2
184 silly idealTree ├── is-fullwidth-code-point@1.0.0
184 silly idealTree ├── is-glob@2.0.1
184 silly idealTree ├── is-number@2.1.0
184 silly idealTree ├── is-path-cwd@1.0.0
184 silly idealTree ├── is-path-in-cwd@1.0.0
184 silly idealTree ├── is-path-inside@1.0.0
184 silly idealTree ├── is-plain-obj@1.1.0
184 silly idealTree ├── is-posix-bracket@0.1.1
184 silly idealTree ├── is-primitive@2.0.0
184 silly idealTree ├── is-relative@0.2.1
184 silly idealTree ├── is-stream@1.1.0
184 silly idealTree ├── is-typedarray@1.0.0
184 silly idealTree ├── is-unc-path@0.1.2
184 silly idealTree ├── is-utf8@0.2.1
184 silly idealTree ├── is-windows@0.2.0
184 silly idealTree ├── is@3.2.1
184 silly idealTree ├── isarray@0.0.1
184 silly idealTree ├── isexe@2.0.0
184 silly idealTree ├─┬ isobject@2.1.0
184 silly idealTree │ └── isarray@1.0.0
184 silly idealTree ├── isstream@0.1.2
184 silly idealTree ├── js-base64@2.1.9
184 silly idealTree ├── jsbn@0.1.1
184 silly idealTree ├── json-schema@0.2.3
184 silly idealTree ├── json-stable-stringify@1.0.1
184 silly idealTree ├── json-stringify-safe@5.0.1
184 silly idealTree ├── jsonify@0.0.0
184 silly idealTree ├─┬ jsprim@1.4.0
184 silly idealTree │ └── assert-plus@1.0.0
184 silly idealTree ├── kind-of@3.2.2
184 silly idealTree ├── laravel-elixir@6.0.0-15
184 silly idealTree ├── lazy-cache@1.0.4
184 silly idealTree ├── lazy-debug-legacy@0.0.1
184 silly idealTree ├── lcid@1.0.0
184 silly idealTree ├─┬ less@2.7.2
184 silly idealTree │ └── source-map@0.5.6
184 silly idealTree ├── load-json-file@1.1.0
184 silly idealTree ├── lodash._arraycopy@3.0.0
184 silly idealTree ├── lodash._arrayeach@3.0.0
184 silly idealTree ├── lodash._baseassign@3.2.0
184 silly idealTree ├── lodash._baseclone@3.3.0
184 silly idealTree ├── lodash._basecopy@3.0.1
184 silly idealTree ├── lodash._basefor@3.0.3
184 silly idealTree ├── lodash._basetostring@3.0.1
184 silly idealTree ├── lodash._basevalues@3.0.0
184 silly idealTree ├── lodash._bindcallback@3.0.1
184 silly idealTree ├── lodash._getnative@3.9.1
184 silly idealTree ├── lodash._isiterateecall@3.0.9
184 silly idealTree ├── lodash._reescape@3.0.0
184 silly idealTree ├── lodash._reevaluate@3.0.0
184 silly idealTree ├── lodash._reinterpolate@3.0.0
184 silly idealTree ├── lodash._root@3.0.1
184 silly idealTree ├── lodash.assign@4.2.0
184 silly idealTree ├── lodash.clone@4.5.0
184 silly idealTree ├── lodash.clonedeep@3.0.2
184 silly idealTree ├── lodash.defaults@4.2.0
184 silly idealTree ├── lodash.escape@3.2.0
184 silly idealTree ├── lodash.flatten@4.4.0
184 silly idealTree ├── lodash.isarguments@3.1.0
184 silly idealTree ├── lodash.isarray@3.0.4
184 silly idealTree ├── lodash.keys@3.1.2
184 silly idealTree ├── lodash.merge@4.6.0
184 silly idealTree ├── lodash.partialright@4.2.1
184 silly idealTree ├── lodash.pick@4.4.0
184 silly idealTree ├── lodash.restparam@3.6.1
184 silly idealTree ├── lodash.template@3.6.2
184 silly idealTree ├── lodash.templatesettings@3.1.1
184 silly idealTree ├── lodash.uniq@4.5.0
184 silly idealTree ├── lodash@4.17.4
184 silly idealTree ├── longest@1.0.1
184 silly idealTree ├── loud-rejection@1.6.0
184 silly idealTree ├── lru-cache@4.1.1
184 silly idealTree ├── map-cache@0.2.2
184 silly idealTree ├── map-obj@1.0.1
184 silly idealTree ├── marked-terminal@1.7.0
184 silly idealTree ├── marked@0.3.6
184 silly idealTree ├── meow@3.7.0
184 silly idealTree ├─┬ merge-stream@1.0.1
184 silly idealTree │ ├── isarray@1.0.0
184 silly idealTree │ ├── readable-stream@2.3.2
184 silly idealTree │ └── string_decoder@1.0.3
184 silly idealTree ├── micromatch@2.3.11
184 silly idealTree ├── mime-db@1.27.0
184 silly idealTree ├── mime-types@2.1.15
184 silly idealTree ├── mime@1.3.6
184 silly idealTree ├── minimatch@3.0.4
184 silly idealTree ├── minimist@1.2.0
184 silly idealTree ├─┬ mkdirp@0.5.1
184 silly idealTree │ └── minimist@0.0.8
184 silly idealTree ├── modify-filename@1.1.0
184 silly idealTree ├── ms@2.0.0
184 silly idealTree ├── multipipe@0.1.2
184 silly idealTree ├── nan@2.6.2
184 silly idealTree ├── new-from@0.0.3
184 silly idealTree ├── next-tick@1.0.0
184 silly idealTree ├── node-emoji@1.5.1
184 silly idealTree ├── node-gyp@3.6.2
184 silly idealTree ├── node-notifier@4.6.1
184 silly idealTree ├─┬ node-sass@3.13.1
184 silly idealTree │ └── lodash.clonedeep@4.5.0
184 silly idealTree ├── node.extend@1.1.6
184 silly idealTree ├── nopt@3.0.6
184 silly idealTree ├── normalize-package-data@2.4.0
184 silly idealTree ├── normalize-path@2.1.1
184 silly idealTree ├── normalize-range@0.1.2
184 silly idealTree ├── npmlog@4.1.2
184 silly idealTree ├── num2fraction@1.2.2
184 silly idealTree ├── number-is-nan@1.0.1
184 silly idealTree ├── oauth-sign@0.8.2
184 silly idealTree ├── object-assign@4.1.1
184 silly idealTree ├── object.omit@2.0.1
184 silly idealTree ├── once@1.4.0
184 silly idealTree ├── os-homedir@1.0.2
184 silly idealTree ├── os-locale@1.4.0
184 silly idealTree ├── os-tmpdir@1.0.2
184 silly idealTree ├── osenv@0.1.4
184 silly idealTree ├── parse-filepath@1.0.1
184 silly idealTree ├── parse-glob@3.0.4
184 silly idealTree ├── parse-json@2.2.0
184 silly idealTree ├── parse-passwd@1.0.0
184 silly idealTree ├── path-exists@2.1.0
184 silly idealTree ├── path-is-absolute@1.0.1
184 silly idealTree ├── path-is-inside@1.0.2
184 silly idealTree ├── path-parse@1.0.5
184 silly idealTree ├── path-root-regex@0.1.2
184 silly idealTree ├── path-root@0.1.1
184 silly idealTree ├── path-type@1.1.0
184 silly idealTree ├── path@0.12.7
184 silly idealTree ├── performance-now@0.2.0
184 silly idealTree ├── pify@2.3.0
184 silly idealTree ├── pinkie-promise@2.0.1
184 silly idealTree ├── pinkie@2.0.4
184 silly idealTree ├── postcss-value-parser@3.3.0
184 silly idealTree ├─┬ postcss@5.2.17
184 silly idealTree │ └── source-map@0.5.6
184 silly idealTree ├── preserve@0.2.0
184 silly idealTree ├── process-nextick-args@1.0.7
184 silly idealTree ├── process@0.11.10
184 silly idealTree ├── promise@7.3.1
184 silly idealTree ├── prr@0.0.0
184 silly idealTree ├── pseudomap@1.0.2
184 silly idealTree ├── punycode@1.4.1
184 silly idealTree ├── q@1.5.0
184 silly idealTree ├── qs@6.4.0
184 silly idealTree ├─┬ randomatic@1.1.7
184 silly idealTree │ ├─┬ is-number@3.0.0
184 silly idealTree │ │ └── kind-of@3.2.2
184 silly idealTree │ └── kind-of@4.0.0
184 silly idealTree ├── read-pkg-up@1.0.1
184 silly idealTree ├── read-pkg@1.1.0
184 silly idealTree ├── readable-stream@1.1.14
184 silly idealTree ├── redent@1.0.0
184 silly idealTree ├── redeyed@1.0.1
184 silly idealTree ├── regex-cache@0.4.3
184 silly idealTree ├── remove-trailing-separator@1.0.2
184 silly idealTree ├── repeat-element@1.1.2
184 silly idealTree ├── repeat-string@1.6.1
184 silly idealTree ├── repeating@2.0.1
184 silly idealTree ├── replace-ext@0.0.1
184 silly idealTree ├── request@2.81.0
184 silly idealTree ├── require-dir@0.3.2
184 silly idealTree ├── require-directory@2.1.1
184 silly idealTree ├── require-main-filename@1.0.1
184 silly idealTree ├── resolve-dir@0.1.1
184 silly idealTree ├── resolve-url@0.2.1
184 silly idealTree ├── resolve@1.3.3
184 silly idealTree ├── rev-hash@1.0.0
184 silly idealTree ├── rev-path@1.0.0
184 silly idealTree ├── right-align@0.1.3
184 silly idealTree ├── rimraf@2.6.1
184 silly idealTree ├── run-sequence@1.2.2
184 silly idealTree ├── safe-buffer@5.1.1
184 silly idealTree ├─┬ sass-graph@2.2.4
184 silly idealTree │ ├── camelcase@3.0.0
184 silly idealTree │ ├── cliui@3.2.0
184 silly idealTree │ └── yargs@7.1.0
184 silly idealTree ├── scss-tokenizer@0.2.3
184 silly idealTree ├── semver@5.3.0
184 silly idealTree ├── set-blocking@2.0.0
184 silly idealTree ├── shellwords@0.1.0
184 silly idealTree ├── signal-exit@3.0.2
184 silly idealTree ├── sntp@1.0.9
184 silly idealTree ├── sort-keys@1.1.2
184 silly idealTree ├── source-map-resolve@0.3.1
184 silly idealTree ├── source-map-url@0.3.0
184 silly idealTree ├── source-map@0.4.4
184 silly idealTree ├── sparkles@1.0.0
184 silly idealTree ├── spdx-correct@1.0.2
184 silly idealTree ├── spdx-expression-parse@1.0.4
184 silly idealTree ├── spdx-license-ids@1.2.2
184 silly idealTree ├─┬ sshpk@1.13.1
184 silly idealTree │ └── assert-plus@1.0.0
184 silly idealTree ├─┬ stream-array@1.1.2
184 silly idealTree │ ├── isarray@1.0.0
184 silly idealTree │ └── readable-stream@2.1.5
184 silly idealTree ├── stream-exhaust@1.0.1
184 silly idealTree ├── stream-shift@1.0.0
184 silly idealTree ├── string_decoder@0.10.31
184 silly idealTree ├── string-width@1.0.2
184 silly idealTree ├── string.prototype.codepointat@0.2.0
184 silly idealTree ├── stringstream@0.0.5
184 silly idealTree ├── strip-ansi@3.0.1
184 silly idealTree ├── strip-bom-stream@1.0.0
184 silly idealTree ├── strip-bom@2.0.0
184 silly idealTree ├── strip-indent@1.0.1
184 silly idealTree ├── supports-color@3.2.3
184 silly idealTree ├── tar@2.2.1
184 silly idealTree ├── ternary-stream@2.0.1
184 silly idealTree ├─┬ through2@2.0.3
184 silly idealTree │ ├── isarray@1.0.0
184 silly idealTree │ ├── readable-stream@2.3.2
184 silly idealTree │ └── string_decoder@1.0.3
184 silly idealTree ├── time-stamp@1.1.0
184 silly idealTree ├── tough-cookie@2.3.2
184 silly idealTree ├── trim-newlines@1.0.0
184 silly idealTree ├── tunnel-agent@0.6.0
184 silly idealTree ├── tweetnacl@0.14.5
184 silly idealTree ├─┬ uglify-js@2.8.29
184 silly idealTree │ └── source-map@0.5.6
184 silly idealTree ├── uglify-save-license@0.4.1
184 silly idealTree ├── uglify-to-browserify@1.0.2
184 silly idealTree ├── unc-path-regex@0.1.2
184 silly idealTree ├── underscore@1.8.3
184 silly idealTree ├── urix@0.1.0
184 silly idealTree ├── util-deprecate@1.0.2
184 silly idealTree ├─┬ util@0.10.3
184 silly idealTree │ └── inherits@2.0.1
184 silly idealTree ├── uuid@3.1.0
184 silly idealTree ├── validate-npm-package-license@3.0.1
184 silly idealTree ├── verror@1.3.6
184 silly idealTree ├─┬ vinyl-file@1.3.0
184 silly idealTree │ └── vinyl@1.2.0
184 silly idealTree ├── vinyl-map2@1.2.1
184 silly idealTree ├─┬ vinyl-sourcemaps-apply@0.2.1
184 silly idealTree │ └── source-map@0.5.6
184 silly idealTree ├── vinyl@0.5.3
184 silly idealTree ├── when@3.7.8
184 silly idealTree ├── which-module@1.0.0
184 silly idealTree ├── which@1.2.14
184 silly idealTree ├── wide-align@1.1.2
184 silly idealTree ├── window-size@0.1.0
184 silly idealTree ├── wordwrap@0.0.2
184 silly idealTree ├── wrap-ansi@2.1.0
184 silly idealTree ├── wrappy@1.0.2
184 silly idealTree ├── xtend@4.0.1
184 silly idealTree ├── y18n@3.2.1
184 silly idealTree ├── yallist@2.1.2
184 silly idealTree ├─┬ yargs-parser@5.0.0
184 silly idealTree │ └── camelcase@3.0.0
184 silly idealTree └── yargs@3.10.0
185 silly generateActionsToTake Starting
186 silly install generateActionsToTake
187 silly generateActionsToTake Finishing
188 silly diffTrees action count 4
189 silly diffTrees add acorn@4.0.13
190 silly diffTrees add vinyl@1.2.0
191 silly diffTrees add gulp-sourcemaps@1.12.0
192 silly diffTrees add laravel-elixir@6.0.0-15
193 silly decomposeActions action count 32
194 silly decomposeActions fetch acorn@4.0.13
195 silly decomposeActions extract acorn@4.0.13
196 silly decomposeActions test acorn@4.0.13
197 silly decomposeActions preinstall acorn@4.0.13
198 silly decomposeActions build acorn@4.0.13
199 silly decomposeActions install acorn@4.0.13
200 silly decomposeActions postinstall acorn@4.0.13
201 silly decomposeActions finalize acorn@4.0.13
202 silly decomposeActions fetch vinyl@1.2.0
203 silly decomposeActions extract vinyl@1.2.0
204 silly decomposeActions test vinyl@1.2.0
205 silly decomposeActions preinstall vinyl@1.2.0
206 silly decomposeActions build vinyl@1.2.0
207 silly decomposeActions install vinyl@1.2.0
208 silly decomposeActions postinstall vinyl@1.2.0
209 silly decomposeActions finalize vinyl@1.2.0
210 silly decomposeActions fetch gulp-sourcemaps@1.12.0
211 silly decomposeActions extract gulp-sourcemaps@1.12.0
212 silly decomposeActions test gulp-sourcemaps@1.12.0
213 silly decomposeActions preinstall gulp-sourcemaps@1.12.0
214 silly decomposeActions build gulp-sourcemaps@1.12.0
215 silly decomposeActions install gulp-sourcemaps@1.12.0
216 silly decomposeActions postinstall gulp-sourcemaps@1.12.0
217 silly decomposeActions finalize gulp-sourcemaps@1.12.0
218 silly decomposeActions fetch laravel-elixir@6.0.0-15
219 silly decomposeActions extract laravel-elixir@6.0.0-15
220 silly decomposeActions test laravel-elixir@6.0.0-15
221 silly decomposeActions preinstall laravel-elixir@6.0.0-15
222 silly decomposeActions build laravel-elixir@6.0.0-15
223 silly decomposeActions install laravel-elixir@6.0.0-15
224 silly decomposeActions postinstall laravel-elixir@6.0.0-15
225 silly decomposeActions finalize laravel-elixir@6.0.0-15
226 silly runTopLevelLifecycles Starting
227 silly executeActions Starting
228 silly install executeActions
229 silly doSerial global-install 0
230 silly doParallel fetch 4
231 verbose correctMkdir /home/vagrant/.npm/_locks correctMkdir not in flight; initializing
232 verbose lock using /home/vagrant/.npm/_locks/staging-125cda1a4c586c08.lock for /home/vagrant/Code/lumitax/node_modules/.staging
233 silly doParallel extract 4
234 silly extract acorn@4.0.13
235 silly extract vinyl@1.2.0
236 silly extract gulp-sourcemaps@1.12.0
237 silly extract laravel-elixir@6.0.0-15
238 verbose unbuild node_modules/.staging/vinyl-5f5b4f6c
239 verbose unbuild node_modules/.staging/gulp-sourcemaps-b16f4e1f
240 verbose unbuild node_modules/.staging/laravel-elixir-a7ed2741
241 verbose unbuild node_modules/.staging/acorn-2da61ad1
242 silly gentlyRm /home/vagrant/Code/lumitax/node_modules/.staging/vinyl-5f5b4f6c is being purged from base /home/vagrant/Code/lumitax
243 verbose gentlyRm don't care about contents; nuking /home/vagrant/Code/lumitax/node_modules/.staging/vinyl-5f5b4f6c
244 silly gentlyRm /home/vagrant/Code/lumitax/node_modules/.staging/gulp-sourcemaps-b16f4e1f is being purged from base /home/vagrant/Code/lumitax
245 verbose gentlyRm don't care about contents; nuking /home/vagrant/Code/lumitax/node_modules/.staging/gulp-sourcemaps-b16f4e1f
246 silly gentlyRm /home/vagrant/Code/lumitax/node_modules/.staging/laravel-elixir-a7ed2741 is being purged from base /home/vagrant/Code/lumitax
247 verbose gentlyRm don't care about contents; nuking /home/vagrant/Code/lumitax/node_modules/.staging/laravel-elixir-a7ed2741
248 silly gentlyRm /home/vagrant/Code/lumitax/node_modules/.staging/acorn-2da61ad1 is being purged from base /home/vagrant/Code/lumitax
249 verbose gentlyRm don't care about contents; nuking /home/vagrant/Code/lumitax/node_modules/.staging/acorn-2da61ad1
250 verbose tar unpack /home/vagrant/.npm/vinyl/1.2.0/package.tgz
251 verbose tar unpacking to /home/vagrant/Code/lumitax/node_modules/.staging/vinyl-5f5b4f6c
252 silly gentlyRm /home/vagrant/Code/lumitax/node_modules/.staging/vinyl-5f5b4f6c is being purged
253 verbose gentlyRm don't care about contents; nuking /home/vagrant/Code/lumitax/node_modules/.staging/vinyl-5f5b4f6c
254 verbose tar unpack /home/vagrant/.npm/gulp-sourcemaps/1.12.0/package.tgz
255 verbose tar unpacking to /home/vagrant/Code/lumitax/node_modules/.staging/gulp-sourcemaps-b16f4e1f
256 silly gentlyRm /home/vagrant/Code/lumitax/node_modules/.staging/gulp-sourcemaps-b16f4e1f is being purged
257 verbose gentlyRm don't care about contents; nuking /home/vagrant/Code/lumitax/node_modules/.staging/gulp-sourcemaps-b16f4e1f
258 verbose tar unpack /home/vagrant/.npm/laravel-elixir/6.0.0-15/package.tgz
259 verbose tar unpacking to /home/vagrant/Code/lumitax/node_modules/.staging/laravel-elixir-a7ed2741
260 silly gentlyRm /home/vagrant/Code/lumitax/node_modules/.staging/laravel-elixir-a7ed2741 is being purged
261 verbose gentlyRm don't care about contents; nuking /home/vagrant/Code/lumitax/node_modules/.staging/laravel-elixir-a7ed2741
262 verbose tar unpack /home/vagrant/.npm/acorn/4.0.13/package.tgz
263 verbose tar unpacking to /home/vagrant/Code/lumitax/node_modules/.staging/acorn-2da61ad1
264 silly gentlyRm /home/vagrant/Code/lumitax/node_modules/.staging/acorn-2da61ad1 is being purged
265 verbose gentlyRm don't care about contents; nuking /home/vagrant/Code/lumitax/node_modules/.staging/acorn-2da61ad1
266 silly gunzTarPerm modes [ '775', '664' ]
267 silly gunzTarPerm modes [ '775', '664' ]
268 silly gunzTarPerm modes [ '775', '664' ]
269 silly gunzTarPerm modes [ '775', '664' ]
270 silly gunzTarPerm extractEntry package.json
271 silly gunzTarPerm modified mode [ 'package.json', 420, 436 ]
272 silly gunzTarPerm extractEntry package.json
273 silly gunzTarPerm modified mode [ 'package.json', 420, 436 ]
274 silly gunzTarPerm extractEntry package.json
275 silly gunzTarPerm modified mode [ 'package.json', 420, 436 ]
276 silly gunzTarPerm extractEntry package.json
277 silly gunzTarPerm modified mode [ 'package.json', 420, 436 ]
278 silly gunzTarPerm extractEntry README.md
279 silly gunzTarPerm modified mode [ 'README.md', 420, 436 ]
280 silly gunzTarPerm extractEntry LICENSE
281 silly gunzTarPerm modified mode [ 'LICENSE', 420, 436 ]
282 silly gunzTarPerm extractEntry .npmignore
283 silly gunzTarPerm modified mode [ '.npmignore', 420, 436 ]
284 silly gunzTarPerm extractEntry .babelrc
285 silly gunzTarPerm modified mode [ '.babelrc', 420, 436 ]
286 silly gunzTarPerm extractEntry README.md
287 silly gunzTarPerm modified mode [ 'README.md', 420, 436 ]
288 silly gunzTarPerm extractEntry index.js
289 silly gunzTarPerm modified mode [ 'index.js', 420, 436 ]
290 silly gunzTarPerm extractEntry LICENSE.md
291 silly gunzTarPerm modified mode [ 'LICENSE.md', 420, 436 ]
292 silly gunzTarPerm extractEntry src/utils.js
293 silly gunzTarPerm modified mode [ 'src/utils.js', 420, 436 ]
294 silly gunzTarPerm extractEntry src/init/index.internals.js
295 silly gunzTarPerm modified mode [ 'src/init/index.internals.js', 420, 436 ]
296 silly gunzTarPerm extractEntry src/init/index.js
297 silly gunzTarPerm modified mode [ 'src/init/index.js', 420, 436 ]
298 silly gunzTarPerm extractEntry src/write/index.internals.js
299 silly gunzTarPerm modified mode [ 'src/write/index.internals.js', 420, 436 ]
300 silly gunzTarPerm extractEntry src/write/index.js
301 silly gunzTarPerm modified mode [ 'src/write/index.js', 420, 436 ]
302 silly gunzTarPerm extractEntry .npmignore
303 silly gunzTarPerm modified mode [ '.npmignore', 420, 436 ]
304 silly gunzTarPerm extractEntry README.md
305 silly gunzTarPerm modified mode [ 'README.md', 420, 436 ]
306 silly gunzTarPerm extractEntry index.js
307 silly gunzTarPerm modified mode [ 'index.js', 420, 436 ]
308 silly gunzTarPerm extractEntry CHANGELOG.md
309 silly gunzTarPerm modified mode [ 'CHANGELOG.md', 420, 436 ]
310 silly gunzTarPerm extractEntry lib/cloneBuffer.js
311 silly gunzTarPerm modified mode [ 'lib/cloneBuffer.js', 420, 436 ]
312 silly gunzTarPerm extractEntry lib/inspectStream.js
313 silly gunzTarPerm modified mode [ 'lib/inspectStream.js', 420, 436 ]
314 silly gunzTarPerm extractEntry lib/isBuffer.js
315 silly gunzTarPerm modified mode [ 'lib/isBuffer.js', 420, 436 ]
316 silly gunzTarPerm extractEntry lib/isNull.js
317 silly gunzTarPerm modified mode [ 'lib/isNull.js', 420, 436 ]
318 silly gunzTarPerm extractEntry lib/isStream.js
319 silly gunzTarPerm modified mode [ 'lib/isStream.js', 420, 436 ]
320 silly gunzTarPerm extractEntry CHANGELOG.md
321 silly gunzTarPerm modified mode [ 'CHANGELOG.md', 420, 436 ]
322 silly gunzTarPerm extractEntry dist/Config.js
323 silly gunzTarPerm modified mode [ 'dist/Config.js', 420, 436 ]
324 silly gunzTarPerm extractEntry LICENSE
325 silly gunzTarPerm modified mode [ 'LICENSE', 420, 436 ]
326 silly gunzTarPerm extractEntry dist/Log.js
327 silly gunzTarPerm modified mode [ 'dist/Log.js', 420, 436 ]
328 silly gunzTarPerm extractEntry AUTHORS
329 silly gunzTarPerm modified mode [ 'AUTHORS', 420, 436 ]
330 silly gunzTarPerm extractEntry CHANGELOG.md
331 silly gunzTarPerm modified mode [ 'CHANGELOG.md', 420, 436 ]
332 silly gunzTarPerm extractEntry dist/Notification.js
333 silly gunzTarPerm modified mode [ 'dist/Notification.js', 420, 436 ]
334 silly gunzTarPerm extractEntry dist/index.js
335 silly gunzTarPerm modified mode [ 'dist/index.js', 420, 436 ]
336 silly gunzTarPerm extractEntry bin/acorn
337 silly gunzTarPerm modified mode [ 'bin/acorn', 420, 436 ]
338 silly gunzTarPerm extractEntry dist/acorn.es.js
339 silly gunzTarPerm modified mode [ 'dist/acorn.es.js', 420, 436 ]
340 silly gunzTarPerm extractEntry dist/bootstrap/EnableExtension.js
341 silly gunzTarPerm modified mode [ 'dist/bootstrap/EnableExtension.js', 420, 436 ]
342 silly gunzTarPerm extractEntry dist/bootstrap/LoadExtensions.js
343 silly gunzTarPerm modified mode [ 'dist/bootstrap/LoadExtensions.js', 420, 436 ]
344 silly gunzTarPerm extractEntry dist/acorn.js
345 silly gunzTarPerm modified mode [ 'dist/acorn.js', 420, 436 ]
346 silly gunzTarPerm extractEntry dist/acorn_loose.es.js
347 silly gunzTarPerm modified mode [ 'dist/acorn_loose.es.js', 420, 436 ]
348 silly gunzTarPerm extractEntry dist/bootstrap/SetDependencies.js
349 silly gunzTarPerm modified mode [ 'dist/bootstrap/SetDependencies.js', 420, 436 ]
350 silly gunzTarPerm extractEntry dist/bootstrap/SetHooks.js
351 silly gunzTarPerm modified mode [ 'dist/bootstrap/SetHooks.js', 420, 436 ]
352 silly gunzTarPerm extractEntry dist/acorn_loose.js
353 silly gunzTarPerm modified mode [ 'dist/acorn_loose.js', 420, 436 ]
354 silly gunzTarPerm extractEntry dist/walk.es.js
355 silly gunzTarPerm modified mode [ 'dist/walk.es.js', 420, 436 ]
356 silly gunzTarPerm extractEntry dist/walk.js
357 silly gunzTarPerm modified mode [ 'dist/walk.js', 420, 436 ]
358 silly gunzTarPerm extractEntry dist/.keep
359 silly gunzTarPerm modified mode [ 'dist/.keep', 420, 436 ]
360 silly gunzTarPerm extractEntry dist/reporters/MinimalTaskReporter.js
361 silly gunzTarPerm modified mode [ 'dist/reporters/MinimalTaskReporter.js', 420, 436 ]
362 silly gunzTarPerm extractEntry dist/reporters/TaskReporter.js
363 silly gunzTarPerm modified mode [ 'dist/reporters/TaskReporter.js', 420, 436 ]
364 silly gunzTarPerm extractEntry dist/tasks/CombineTask.js
365 silly gunzTarPerm modified mode [ 'dist/tasks/CombineTask.js', 420, 436 ]
366 silly gunzTarPerm extractEntry dist/tasks/CssTask.js
367 silly gunzTarPerm modified mode [ 'dist/tasks/CssTask.js', 420, 436 ]
368 silly gunzTarPerm extractEntry src/whitespace.js
369 silly gunzTarPerm modified mode [ 'src/whitespace.js', 420, 436 ]
370 silly gunzTarPerm extractEntry src/locutil.js
371 silly gunzTarPerm modified mode [ 'src/locutil.js', 420, 436 ]
372 silly gunzTarPerm extractEntry src/util.js
373 silly gunzTarPerm modified mode [ 'src/util.js', 420, 436 ]
374 silly gunzTarPerm extractEntry src/lval.js
375 silly gunzTarPerm modified mode [ 'src/lval.js', 420, 436 ]
376 silly gunzTarPerm extractEntry src/location.js
377 silly gunzTarPerm modified mode [ 'src/location.js', 420, 436 ]
378 silly gunzTarPerm extractEntry src/expression.js
379 silly gunzTarPerm modified mode [ 'src/expression.js', 420, 436 ]
380 silly gunzTarPerm extractEntry src/parseutil.js
381 silly gunzTarPerm modified mode [ 'src/parseutil.js', 420, 436 ]
382 silly gunzTarPerm extractEntry dist/tasks/GulpBuilder.js
383 silly gunzTarPerm modified mode [ 'dist/tasks/GulpBuilder.js', 420, 436 ]
384 silly gunzTarPerm extractEntry dist/tasks/GulpPaths.js
385 silly gunzTarPerm modified mode [ 'dist/tasks/GulpPaths.js', 420, 436 ]
386 silly gunzTarPerm extractEntry src/state.js
387 silly gunzTarPerm modified mode [ 'src/state.js', 420, 436 ]
388 silly gunzTarPerm extractEntry src/statement.js
389 silly gunzTarPerm modified mode [ 'src/statement.js', 420, 436 ]
390 silly gunzTarPerm extractEntry src/tokencontext.js
391 silly gunzTarPerm modified mode [ 'src/tokencontext.js', 420, 436 ]
392 silly gunzTarPerm extractEntry dist/tasks/Task.js
393 silly gunzTarPerm modified mode [ 'dist/tasks/Task.js', 420, 436 ]
394 silly gunzTarPerm extractEntry dist/tasks/TaskCollection.js
395 silly gunzTarPerm modified mode [ 'dist/tasks/TaskCollection.js', 420, 436 ]
396 silly gunzTarPerm extractEntry src/index.js
397 silly gunzTarPerm modified mode [ 'src/index.js', 420, 436 ]
398 silly gunzTarPerm extractEntry src/tokenize.js
399 silly gunzTarPerm modified mode [ 'src/tokenize.js', 420, 436 ]
400 silly gunzTarPerm extractEntry src/identifier.js
401 silly gunzTarPerm modified mode [ 'src/identifier.js', 420, 436 ]
402 silly gunzTarPerm extractEntry src/tokentype.js
403 silly gunzTarPerm modified mode [ 'src/tokentype.js', 420, 436 ]
404 silly gunzTarPerm extractEntry src/node.js
405 silly gunzTarPerm modified mode [ 'src/node.js', 420, 436 ]
406 silly gunzTarPerm extractEntry src/options.js
407 silly gunzTarPerm modified mode [ 'src/options.js', 420, 436 ]
408 silly gunzTarPerm extractEntry src/loose/expression.js
409 silly gunzTarPerm modified mode [ 'src/loose/expression.js', 420, 436 ]
410 silly gunzTarPerm extractEntry src/loose/index.js
411 silly gunzTarPerm modified mode [ 'src/loose/index.js', 420, 436 ]
412 silly gunzTarPerm extractEntry dist/tasks/TestingTask.js
413 silly gunzTarPerm modified mode [ 'dist/tasks/TestingTask.js', 420, 436 ]
414 silly gunzTarPerm extractEntry dist/tasks/VersionTask.js
415 silly gunzTarPerm modified mode [ 'dist/tasks/VersionTask.js', 420, 436 ]
416 silly gunzTarPerm extractEntry src/loose/parseutil.js
417 silly gunzTarPerm modified mode [ 'src/loose/parseutil.js', 420, 436 ]
418 silly gunzTarPerm extractEntry src/loose/state.js
419 silly gunzTarPerm modified mode [ 'src/loose/state.js', 420, 436 ]
420 silly gentlyRm /home/vagrant/Code/lumitax/node_modules/.staging/vinyl-5f5b4f6c/node_modules is being purged
421 verbose gentlyRm don't care about contents; nuking /home/vagrant/Code/lumitax/node_modules/.staging/vinyl-5f5b4f6c/node_modules
422 silly gentlyRm /home/vagrant/Code/lumitax/node_modules/.staging/gulp-sourcemaps-b16f4e1f/node_modules is being purged
423 verbose gentlyRm don't care about contents; nuking /home/vagrant/Code/lumitax/node_modules/.staging/gulp-sourcemaps-b16f4e1f/node_modules
424 silly gunzTarPerm extractEntry dist/tasks/recipes/combine.js
425 silly gunzTarPerm modified mode [ 'dist/tasks/recipes/combine.js', 420, 436 ]
426 silly gunzTarPerm extractEntry dist/tasks/recipes/exec.js
427 silly gunzTarPerm modified mode [ 'dist/tasks/recipes/exec.js', 420, 436 ]
428 silly gunzTarPerm extractEntry src/loose/statement.js
429 silly gunzTarPerm modified mode [ 'src/loose/statement.js', 420, 436 ]
430 silly gunzTarPerm extractEntry src/loose/tokenize.js
431 silly gunzTarPerm modified mode [ 'src/loose/tokenize.js', 420, 436 ]
432 silly gunzTarPerm extractEntry src/walk/index.js
433 silly gunzTarPerm modified mode [ 'src/walk/index.js', 420, 436 ]
434 silly gunzTarPerm extractEntry src/bin/acorn.js
435 silly gunzTarPerm modified mode [ 'src/bin/acorn.js', 420, 436 ]
436 silly gunzTarPerm extractEntry dist/tasks/recipes/external-recipes.js
437 silly gunzTarPerm modified mode [ 'dist/tasks/recipes/external-recipes.js', 420, 436 ]
438 silly gunzTarPerm extractEntry dist/tasks/recipes/less.js
439 silly gunzTarPerm modified mode [ 'dist/tasks/recipes/less.js', 420, 436 ]
440 silly gunzTarPerm extractEntry dist/tasks/recipes/phpspec.js
441 silly gunzTarPerm modified mode [ 'dist/tasks/recipes/phpspec.js', 420, 436 ]
442 silly gunzTarPerm extractEntry dist/tasks/recipes/deprecated.js
443 silly gunzTarPerm modified mode [ 'dist/tasks/recipes/deprecated.js', 420, 436 ]
444 silly gunzTarPerm extractEntry dist/tasks/recipes/sass.js
445 silly gunzTarPerm modified mode [ 'dist/tasks/recipes/sass.js', 420, 436 ]
446 silly gunzTarPerm extractEntry dist/tasks/recipes/scripts.js
447 silly gunzTarPerm modified mode [ 'dist/tasks/recipes/scripts.js', 420, 436 ]
448 silly gunzTarPerm extractEntry dist/tasks/recipes/styles.js
449 silly gunzTarPerm modified mode [ 'dist/tasks/recipes/styles.js', 420, 436 ]
450 silly gunzTarPerm extractEntry dist/tasks/recipes/task.js
451 silly gunzTarPerm modified mode [ 'dist/tasks/recipes/task.js', 420, 436 ]
452 silly gunzTarPerm extractEntry dist/tasks/recipes/tdd.js
453 silly gunzTarPerm modified mode [ 'dist/tasks/recipes/tdd.js', 420, 436 ]
454 silly gunzTarPerm extractEntry dist/tasks/recipes/default.js
455 silly gunzTarPerm modified mode [ 'dist/tasks/recipes/default.js', 420, 436 ]
456 silly gunzTarPerm extractEntry dist/tasks/recipes/version.js
457 silly gunzTarPerm modified mode [ 'dist/tasks/recipes/version.js', 420, 436 ]
458 silly gunzTarPerm extractEntry dist/tasks/recipes/copy.js
459 silly gunzTarPerm modified mode [ 'dist/tasks/recipes/copy.js', 420, 436 ]
460 silly gunzTarPerm extractEntry dist/tasks/recipes/watch.js
461 silly gunzTarPerm modified mode [ 'dist/tasks/recipes/watch.js', 420, 436 ]
462 silly gunzTarPerm extractEntry dist/tasks/recipes/phpunit.js
463 silly gunzTarPerm modified mode [ 'dist/tasks/recipes/phpunit.js', 420, 436 ]
464 silly gunzTarPerm extractEntry dist/tasks/utilities/minifier.js
465 silly gunzTarPerm modified mode [ 'dist/tasks/utilities/minifier.js', 420, 436 ]
466 silly gunzTarPerm extractEntry .editorconfig
467 silly gunzTarPerm modified mode [ '.editorconfig', 420, 436 ]
468 silly gunzTarPerm extractEntry icons/fail.png
469 silly gunzTarPerm modified mode [ 'icons/fail.png', 420, 436 ]
470 silly gunzTarPerm extractEntry icons/laravel.png
471 silly gunzTarPerm modified mode [ 'icons/laravel.png', 420, 436 ]
472 silly gunzTarPerm extractEntry icons/pass.png
473 silly gunzTarPerm modified mode [ 'icons/pass.png', 420, 436 ]
474 silly gunzTarPerm extractEntry readme.md
475 silly gunzTarPerm modified mode [ 'readme.md', 420, 436 ]
476 silly gentlyRm /home/vagrant/Code/lumitax/node_modules/.staging/acorn-2da61ad1/node_modules is being purged
477 verbose gentlyRm don't care about contents; nuking /home/vagrant/Code/lumitax/node_modules/.staging/acorn-2da61ad1/node_modules
478 silly gentlyRm /home/vagrant/Code/lumitax/node_modules/.staging/laravel-elixir-a7ed2741/node_modules is being purged
479 verbose gentlyRm don't care about contents; nuking /home/vagrant/Code/lumitax/node_modules/.staging/laravel-elixir-a7ed2741/node_modules
480 silly doParallel preinstall 4
481 silly preinstall acorn@4.0.13 /home/vagrant/Code/lumitax/node_modules/.staging/acorn-2da61ad1
482 info lifecycle acorn@4.0.13~preinstall: acorn@4.0.13
483 silly preinstall vinyl@1.2.0 /home/vagrant/Code/lumitax/node_modules/.staging/vinyl-5f5b4f6c
484 info lifecycle vinyl@1.2.0~preinstall: vinyl@1.2.0
485 silly preinstall gulp-sourcemaps@1.12.0 /home/vagrant/Code/lumitax/node_modules/.staging/gulp-sourcemaps-b16f4e1f
486 info lifecycle gulp-sourcemaps@1.12.0~preinstall: gulp-sourcemaps@1.12.0
487 silly preinstall laravel-elixir@6.0.0-15 /home/vagrant/Code/lumitax/node_modules/.staging/laravel-elixir-a7ed2741
488 info lifecycle laravel-elixir@6.0.0-15~preinstall: laravel-elixir@6.0.0-15
489 silly lifecycle acorn@4.0.13~preinstall: no script for preinstall, continuing
490 silly lifecycle vinyl@1.2.0~preinstall: no script for preinstall, continuing
491 silly lifecycle gulp-sourcemaps@1.12.0~preinstall: no script for preinstall, continuing
492 silly lifecycle laravel-elixir@6.0.0-15~preinstall: no script for preinstall, continuing
493 silly doReverseSerial remove 0
494 silly doSerial move 0
495 silly doSerial finalize 4
496 silly finalize /home/vagrant/Code/lumitax/node_modules/acorn
497 silly finalize /home/vagrant/Code/lumitax/node_modules/gulp-sourcemaps/node_modules/vinyl
498 silly finalize /home/vagrant/Code/lumitax/node_modules/gulp-sourcemaps
499 silly finalize /home/vagrant/Code/lumitax/node_modules/laravel-elixir
500 silly doSerial build 4
501 silly build acorn@4.0.13
502 info linkStuff acorn@4.0.13
503 silly linkStuff acorn@4.0.13 has /home/vagrant/Code/lumitax/node_modules as its parent node_modules
504 verbose linkBins acorn@4.0.13
505 verbose link bins [ { acorn: './bin/acorn' },
505 verbose link bins   '/home/vagrant/Code/lumitax/node_modules/.bin',
505 verbose link bins   false ]
506 verbose linkMans acorn@4.0.13
507 silly gentlyRm /home/vagrant/Code/lumitax/node_modules/.bin/acorn is being purged
508 verbose gentlyRm don't care about contents; nuking /home/vagrant/Code/lumitax/node_modules/.bin/acorn
509 verbose unlock done using /home/vagrant/.npm/_locks/staging-125cda1a4c586c08.lock for /home/vagrant/Code/lumitax/node_modules/.staging
510 silly rollbackFailedOptional Starting
511 silly rollbackFailedOptional Finishing
512 silly runTopLevelLifecycles Finishing
513 silly install printInstalled
514 verbose stack Error: EPROTO: protocol error, symlink '../acorn/bin/acorn' -> '/home/vagrant/Code/lumitax/node_modules/.bin/acorn'
514 verbose stack     at Error (native)
515 verbose cwd /home/vagrant/Code/lumitax
516 error Linux 4.4.0-66-generic
517 error argv "/usr/bin/nodejs" "/usr/bin/npm" "install" "laravel-elixir" "--save-dev"
518 error node v6.10.2
519 error npm  v3.10.10
520 error path ../acorn/bin/acorn
521 error code EPROTO
522 error errno -71
523 error syscall symlink
524 error EPROTO: protocol error, symlink '../acorn/bin/acorn' -> '/home/vagrant/Code/lumitax/node_modules/.bin/acorn'
525 error If you need help, you may report this error at:
525 error     <https://github.com/npm/npm/issues>
526 verbose exit [ -71, true ]
